<?xml version="1.0" encoding="UTF-8"?>
<!-- Generated by org.testng.reporters.JUnitXMLReporter -->
<testsuite hostname="tflaptop-40-PC" name="Default test" tests="5" failures="1" timestamp="11 Jun 2015 13:38:20 GMT" time="72.846" errors="0">
  <testcase name="test_Employment_Status on [Employment_Status passed=0 failed=0 skipped=0]" time="68.167" classname="com.twelvetwenty.suite.aba_reports.Employment_Status">
    <failure type="java.lang.AssertionError" message="java.lang.AssertionError: expected [0] but found [1]java.lang.AssertionError: D:\QA\Build_number_21\Pre_Build\Auto_Data_ABA1_1.xlsx (The system cannot find the path specified)java.lang.AssertionError: D:\QA\Build_number_21\Post_Build\Failed\Auto_Data_ABA1_1_Failed.xlsx (The system cannot find the path specified)java.lang.AssertionError: expected [Employed - Other Professional Position] but found [Employed - Non-Professional Position]java.lang.AssertionError: expected [Employed - Non-Professional Position] but found [Employed - Other Professional Position]">
      <![CDATA[java.lang.AssertionError: java.lang.AssertionError: expected [0] but found [1]java.lang.AssertionError: D:\QA\Build_number_21\Pre_Build\Auto_Data_ABA1_1.xlsx (The system cannot find the path specified)java.lang.AssertionError: D:\QA\Build_number_21\Post_Build\Failed\Auto_Data_ABA1_1_Failed.xlsx (The system cannot find the path specified)java.lang.AssertionError: expected [Employed - Other Professional Position] but found [Employed - Non-Professional Position]java.lang.AssertionError: expected [Employed - Non-Professional Position] but found [Employed - Other Professional Position]
	at org.testng.Assert.fail(Assert.java:94)
	at com.twelvetwenty.base.CustomVerification.fail(CustomVerification.java:101)
	at com.twelvetwenty.base.CustomVerification.checkForVerificationErrors(CustomVerification.java:96)
	at com.twelvetwenty.suite.aba_reports.Employment_Status.test_Employment_Status(Employment_Status.java:188)
	at sun.reflect.NativeMethodAccessorImpl.invoke0(Native Method)
	at sun.reflect.NativeMethodAccessorImpl.invoke(Unknown Source)
	at sun.reflect.DelegatingMethodAccessorImpl.invoke(Unknown Source)
	at java.lang.reflect.Method.invoke(Unknown Source)
	at org.testng.internal.MethodInvocationHelper.invokeMethod(MethodInvocationHelper.java:84)
	at org.testng.internal.Invoker.invokeMethod(Invoker.java:714)
	at org.testng.internal.Invoker.invokeTestMethod(Invoker.java:901)
	at org.testng.internal.Invoker.invokeTestMethods(Invoker.java:1231)
	at org.testng.internal.TestMethodWorker.invokeTestMethods(TestMethodWorker.java:127)
	at org.testng.internal.TestMethodWorker.run(TestMethodWorker.java:111)
	at org.testng.TestRunner.privateRun(TestRunner.java:767)
	at org.testng.TestRunner.run(TestRunner.java:617)
	at org.testng.SuiteRunner.runTest(SuiteRunner.java:334)
	at org.testng.SuiteRunner.runSequentially(SuiteRunner.java:329)
	at org.testng.SuiteRunner.privateRun(SuiteRunner.java:291)
	at org.testng.SuiteRunner.run(SuiteRunner.java:240)
	at org.testng.SuiteRunnerWorker.runSuite(SuiteRunnerWorker.java:52)
	at org.testng.SuiteRunnerWorker.run(SuiteRunnerWorker.java:86)
	at org.testng.TestNG.runSuitesSequentially(TestNG.java:1224)
	at org.testng.TestNG.runSuitesLocally(TestNG.java:1149)
	at org.testng.TestNG.run(TestNG.java:1057)
	at org.testng.remote.RemoteTestNG.run(RemoteTestNG.java:111)
	at org.testng.remote.RemoteTestNG.initAndRun(RemoteTestNG.java:204)
	at org.testng.remote.RemoteTestNG.main(RemoteTestNG.java:175)
]]>
    </failure>
  </testcase> <!-- test_Employment_Status on [Employment_Status passed=0 failed=0 skipped=0] -->
  <testcase name="test_Employment_Status on [Employment_Status passed=0 failed=0 skipped=0]" time="0.058" classname="com.twelvetwenty.suite.aba_reports.Employment_Status">
    <skipped/>
  </testcase> <!-- test_Employment_Status on [Employment_Status passed=0 failed=0 skipped=0] -->
  <testcase name="test_Employment_Status on [Employment_Status passed=0 failed=0 skipped=0]" time="0.183" classname="com.twelvetwenty.suite.aba_reports.Employment_Status">
    <skipped/>
  </testcase> <!-- test_Employment_Status on [Employment_Status passed=0 failed=0 skipped=0] -->
  <testcase name="test_Employment_Status on [Employment_Status passed=0 failed=0 skipped=0]" time="1.049" classname="com.twelvetwenty.suite.aba_reports.Employment_Status">
    <skipped/>
  </testcase> <!-- test_Employment_Status on [Employment_Status passed=0 failed=0 skipped=0] -->
  <testcase name="test_Employment_Status on [Employment_Status passed=0 failed=0 skipped=0]" time="1.027" classname="com.twelvetwenty.suite.aba_reports.Employment_Status">
    <skipped/>
  </testcase> <!-- test_Employment_Status on [Employment_Status passed=0 failed=0 skipped=0] -->
</testsuite> <!-- Default test -->
