<html>
<head>
<title>TestNG:  NACE_Reports</title>
<link href="../testng.css" rel="stylesheet" type="text/css" />
<link href="../my-testng.css" rel="stylesheet" type="text/css" />

<style type="text/css">
.log { display: none;} 
.stack-trace { display: none;} 
</style>
<script type="text/javascript">
<!--
function flip(e) {
  current = e.style.display;
  if (current == 'block') {
    e.style.display = 'none';
    return 0;
  }
  else {
    e.style.display = 'block';
    return 1;
  }
}

function toggleBox(szDivId, elem, msg1, msg2)
{
  var res = -1;  if (document.getElementById) {
    res = flip(document.getElementById(szDivId));
  }
  else if (document.all) {
    // this is the way old msie versions work
    res = flip(document.all[szDivId]);
  }
  if(elem) {
    if(res == 0) elem.innerHTML = msg1; else elem.innerHTML = msg2;
  }

}

function toggleAllBoxes() {
  if (document.getElementsByTagName) {
    d = document.getElementsByTagName('div');
    for (i = 0; i < d.length; i++) {
      if (d[i].className == 'log') {
        flip(d[i]);
      }
    }
  }
}

// -->
</script>

</head>
<body>
<h2 align='center'>NACE_Reports</h2><table border='1' align="center">
<tr>
<td>Tests passed/Failed/Skipped:</td><td>53/2/15</td>
</tr><tr>
<td>Started on:</td><td>Thu Jun 11 21:01:15 IST 2015</td>
</tr>
<tr><td>Total time:</td><td>9583 seconds (9583155 ms)</td>
</tr><tr>
<td>Included groups:</td><td></td>
</tr><tr>
<td>Excluded groups:</td><td></td>
</tr>
</table><p/>
<small><i>(Hover the method name to see the test class name)</i></small><p/>
<table width='100%' border='1' class='invocation-failed'>
<tr><td colspan='4' align='center'><b>FAILED TESTS</b></td></tr>
<tr><td><b>Test method</b></td>
<td width="30%"><b>Exception</b></td>
<td width="10%"><b>Time (seconds)</b></td>
<td><b>Instance</b></td>
</tr>
<tr>
<td title='com.twelvetwenty.suite.nace_reports.Service_Organization.test_Service_Organization()'><b>test_Service_Organization</b><br>Test class: com.twelvetwenty.suite.nace_reports.Service_Organization<br>Parameters: {Description=Validating mba standard report, Automation_Id=Auto_Data_NACE4_2, sDegreeLevel=Associate, MethodType=T1_TH1_TCN, Runmode=Y, sProgram=, sSchoolName=Fordham_Centralized, sSub_Report_Name=Service Organization, DataFileName=Auto_Data_NACE4_2, iWait=2, sGraduationTerm=Full Academic Year, iGraduationYr=2014, sReportingMajor=2, sCollege=All}<br/>
<a href="#Output-7940127" onClick='toggleBox("Output-7940127", this, "Show output", "Hide output");'>Show output</a>

<a href="#Output-7940127" onClick="toggleAllBoxes();">Show all outputs</a>
<div class='log' id="Output-7940127">
STEP603<br/>
STEP604<br/>
STEP605<br/>
STEP606<br/>
STEP607<br/>
STEP608<br/>
STEP609<br/>
STEP610<br/>
STEP611<br/>
STEP612<br/>
STEP613<br/>
STEP614<br/>
STEP615<br/>
Fail----expected [Bachelor's] but found [Total] <br/>
Error while executing mT1_TH1_TCN_ReadXLSX keyword null<br/>
STEP618<br/>
Fail ________ Error while executing mT1_TH1_TCN_ReadXLSX keyword null<br/>
Failed---------->Error while executing mT1_TH1_TCN_ReadXLSX keyword null<br/>
</div>
</td>
<td><div><pre>java.lang.AssertionError: java.lang.AssertionError: expected [Bachelor&apos;s] but found [Total]java.lang.AssertionError: Error while executing mT1_TH1_TCN_ReadXLSX keyword nulljava.lang.AssertionError: Fail ________ Error while executing mT1_TH1_TCN_ReadXLSX keyword null
	at com.twelvetwenty.base.CustomVerification.fail(CustomVerification.java:101)
	at com.twelvetwenty.base.CustomVerification.checkForVerificationErrors(CustomVerification.java:96)
	at com.twelvetwenty.suite.nace_reports.Service_Organization.test_Service_Organization(Service_Organization.java:198)
... Removed 25 stack frames</pre></div><a href='#' onClick='toggleBox("stack-trace7940127", this, "Click to show all stack frames", "Click to hide stack frames")'>Click to show all stack frames</a>
<div class='stack-trace' id='stack-trace7940127'><pre>java.lang.AssertionError: java.lang.AssertionError: expected [Bachelor&apos;s] but found [Total]java.lang.AssertionError: Error while executing mT1_TH1_TCN_ReadXLSX keyword nulljava.lang.AssertionError: Fail ________ Error while executing mT1_TH1_TCN_ReadXLSX keyword null
	at org.testng.Assert.fail(Assert.java:94)
	at com.twelvetwenty.base.CustomVerification.fail(CustomVerification.java:101)
	at com.twelvetwenty.base.CustomVerification.checkForVerificationErrors(CustomVerification.java:96)
	at com.twelvetwenty.suite.nace_reports.Service_Organization.test_Service_Organization(Service_Organization.java:198)
	at sun.reflect.NativeMethodAccessorImpl.invoke0(Native Method)
	at sun.reflect.NativeMethodAccessorImpl.invoke(Unknown Source)
	at sun.reflect.DelegatingMethodAccessorImpl.invoke(Unknown Source)
	at java.lang.reflect.Method.invoke(Unknown Source)
	at org.testng.internal.MethodInvocationHelper.invokeMethod(MethodInvocationHelper.java:84)
	at org.testng.internal.Invoker.invokeMethod(Invoker.java:714)
	at org.testng.internal.Invoker.invokeTestMethod(Invoker.java:901)
	at org.testng.internal.Invoker.invokeTestMethods(Invoker.java:1231)
	at org.testng.internal.TestMethodWorker.invokeTestMethods(TestMethodWorker.java:127)
	at org.testng.internal.TestMethodWorker.run(TestMethodWorker.java:111)
	at org.testng.TestRunner.privateRun(TestRunner.java:767)
	at org.testng.TestRunner.run(TestRunner.java:617)
	at org.testng.SuiteRunner.runTest(SuiteRunner.java:334)
	at org.testng.SuiteRunner.runSequentially(SuiteRunner.java:329)
	at org.testng.SuiteRunner.privateRun(SuiteRunner.java:291)
	at org.testng.SuiteRunner.run(SuiteRunner.java:240)
	at org.testng.SuiteRunnerWorker.runSuite(SuiteRunnerWorker.java:52)
	at org.testng.SuiteRunnerWorker.run(SuiteRunnerWorker.java:86)
	at org.testng.TestNG.runSuitesSequentially(TestNG.java:1224)
	at org.testng.TestNG.runSuitesLocally(TestNG.java:1149)
	at org.testng.TestNG.run(TestNG.java:1057)
	at org.testng.remote.RemoteTestNG.run(RemoteTestNG.java:111)
	at org.testng.remote.RemoteTestNG.initAndRun(RemoteTestNG.java:204)
	at org.testng.remote.RemoteTestNG.main(RemoteTestNG.java:175)
</pre></div></td>
<td>82</td>
<td>[Service_Organization passed=0 failed=0 skipped=0]</td></tr>
<tr>
<td title='com.twelvetwenty.suite.nace_reports.Service_Organization.test_Service_Organization()'><b>test_Service_Organization</b><br>Test class: com.twelvetwenty.suite.nace_reports.Service_Organization<br>Parameters: {Description=Validating mba standard report, Automation_Id=Auto_Data_NACE4_6, sDegreeLevel=All, MethodType=T1_TH1_TCN, Runmode=Y, sProgram=, sSchoolName=Fordham_Centralized, sSub_Report_Name=Service Organization, DataFileName=Auto_Data_NACE4_6, iWait=2, sGraduationTerm=Full Academic Year, iGraduationYr=2014, sReportingMajor=2, sCollege=FC AT ROSE HILL}<br/>
<a href="#Output-11877905" onClick='toggleBox("Output-11877905", this, "Show output", "Hide output");'>Show output</a>

<a href="#Output-11877905" onClick="toggleAllBoxes();">Show all outputs</a>
<div class='log' id="Output-11877905">
STEP663<br/>
STEP664<br/>
STEP665<br/>
STEP666<br/>
STEP667<br/>
STEP668<br/>
STEP669<br/>
STEP670<br/>
STEP671<br/>
STEP672<br/>
STEP673<br/>
STEP674<br/>
STEP675<br/>
Error while executing mT1_TH1_TCN_ReadXLSX keyword Fail ________ Error while executing mT1_TH1_TCN_ReadXLSX keyword null<br/>
STEP677<br/>
Fail ________ Error while executing mT1_TH1_TCN_ReadXLSX keyword Fail ________ Error while executing mT1_TH1_TCN_ReadXLSX keyword null<br/>
Failed---------->Error while executing mT1_TH1_TCN_ReadXLSX keyword Fail ________ Error while executing mT1_TH1_TCN_ReadXLSX keyword null<br/>
</div>
</td>
<td><div><pre>java.lang.AssertionError: java.lang.AssertionError: Error while executing mT1_TH1_TCN_ReadXLSX keyword Fail ________ Error while executing mT1_TH1_TCN_ReadXLSX keyword nulljava.lang.AssertionError: Fail ________ Error while executing mT1_TH1_TCN_ReadXLSX keyword Fail ________ Error while executing mT1_TH1_TCN_ReadXLSX keyword null
	at com.twelvetwenty.base.CustomVerification.fail(CustomVerification.java:101)
	at com.twelvetwenty.base.CustomVerification.checkForVerificationErrors(CustomVerification.java:96)
	at com.twelvetwenty.suite.nace_reports.Service_Organization.test_Service_Organization(Service_Organization.java:198)
... Removed 25 stack frames</pre></div><a href='#' onClick='toggleBox("stack-trace11877905", this, "Click to show all stack frames", "Click to hide stack frames")'>Click to show all stack frames</a>
<div class='stack-trace' id='stack-trace11877905'><pre>java.lang.AssertionError: java.lang.AssertionError: Error while executing mT1_TH1_TCN_ReadXLSX keyword Fail ________ Error while executing mT1_TH1_TCN_ReadXLSX keyword nulljava.lang.AssertionError: Fail ________ Error while executing mT1_TH1_TCN_ReadXLSX keyword Fail ________ Error while executing mT1_TH1_TCN_ReadXLSX keyword null
	at org.testng.Assert.fail(Assert.java:94)
	at com.twelvetwenty.base.CustomVerification.fail(CustomVerification.java:101)
	at com.twelvetwenty.base.CustomVerification.checkForVerificationErrors(CustomVerification.java:96)
	at com.twelvetwenty.suite.nace_reports.Service_Organization.test_Service_Organization(Service_Organization.java:198)
	at sun.reflect.NativeMethodAccessorImpl.invoke0(Native Method)
	at sun.reflect.NativeMethodAccessorImpl.invoke(Unknown Source)
	at sun.reflect.DelegatingMethodAccessorImpl.invoke(Unknown Source)
	at java.lang.reflect.Method.invoke(Unknown Source)
	at org.testng.internal.MethodInvocationHelper.invokeMethod(MethodInvocationHelper.java:84)
	at org.testng.internal.Invoker.invokeMethod(Invoker.java:714)
	at org.testng.internal.Invoker.invokeTestMethod(Invoker.java:901)
	at org.testng.internal.Invoker.invokeTestMethods(Invoker.java:1231)
	at org.testng.internal.TestMethodWorker.invokeTestMethods(TestMethodWorker.java:127)
	at org.testng.internal.TestMethodWorker.run(TestMethodWorker.java:111)
	at org.testng.TestRunner.privateRun(TestRunner.java:767)
	at org.testng.TestRunner.run(TestRunner.java:617)
	at org.testng.SuiteRunner.runTest(SuiteRunner.java:334)
	at org.testng.SuiteRunner.runSequentially(SuiteRunner.java:329)
	at org.testng.SuiteRunner.privateRun(SuiteRunner.java:291)
	at org.testng.SuiteRunner.run(SuiteRunner.java:240)
	at org.testng.SuiteRunnerWorker.runSuite(SuiteRunnerWorker.java:52)
	at org.testng.SuiteRunnerWorker.run(SuiteRunnerWorker.java:86)
	at org.testng.TestNG.runSuitesSequentially(TestNG.java:1224)
	at org.testng.TestNG.runSuitesLocally(TestNG.java:1149)
	at org.testng.TestNG.run(TestNG.java:1057)
	at org.testng.remote.RemoteTestNG.run(RemoteTestNG.java:111)
	at org.testng.remote.RemoteTestNG.initAndRun(RemoteTestNG.java:204)
	at org.testng.remote.RemoteTestNG.main(RemoteTestNG.java:175)
</pre></div></td>
<td>100</td>
<td>[Service_Organization passed=0 failed=0 skipped=0]</td></tr>
</table><p>
<table width='100%' border='1' class='invocation-passed'>
<tr><td colspan='4' align='center'><b>PASSED TESTS</b></td></tr>
<tr><td><b>Test method</b></td>
<td width="30%"><b>Exception</b></td>
<td width="10%"><b>Time (seconds)</b></td>
<td><b>Instance</b></td>
</tr>
<tr>
<td title='com.twelvetwenty.suite.nace_reports.Continuing_Education.test_Continuing_Education()'><b>test_Continuing_Education</b><br>Test class: com.twelvetwenty.suite.nace_reports.Continuing_Education<br>Parameters: {Description=Validating mba standard report, Automation_Id=Auto_Data_NACE6_1, sDegreeLevel=All, MethodType=T1_TH1_TCN, Runmode=Y, sProgram=, sSchoolName=Fordham_Centralized, sSub_Report_Name=Continuing Education, DataFileName=Auto_Data_NACE6_1, iWait=2, sGraduationTerm=Full Academic Year, iGraduationYr=2014, sReportingMajor=2, sCollege=All}<br/>
<a href="#Output-26870209" onClick='toggleBox("Output-26870209", this, "Show output", "Hide output");'>Show output</a>

<a href="#Output-26870209" onClick="toggleAllBoxes();">Show all outputs</a>
<div class='log' id="Output-26870209">
STEP1<br/>
STEP2<br/>
STEP3<br/>
STEP4<br/>
STEP5<br/>
STEP6<br/>
STEP7<br/>
STEP8<br/>
STEP9<br/>
STEP10<br/>
STEP11<br/>
STEP12<br/>
STEP13<br/>
STEP14<br/>
</div>
</td>
<td></td>
<td>83</td>
<td>[Continuing_Education passed=0 failed=0 skipped=0]</td></tr>
<tr>
<td title='com.twelvetwenty.suite.nace_reports.Continuing_Education.test_Continuing_Education()'><b>test_Continuing_Education</b><br>Test class: com.twelvetwenty.suite.nace_reports.Continuing_Education<br>Parameters: {Description=Validating mba standard report, Automation_Id=Auto_Data_NACE6_2, sDegreeLevel=Associate, MethodType=T1_TH1_TCN, Runmode=Y, sProgram=, sSchoolName=Fordham_Centralized, sSub_Report_Name=Continuing Education, DataFileName=Auto_Data_NACE6_2, iWait=2, sGraduationTerm=Full Academic Year, iGraduationYr=2014, sReportingMajor=2, sCollege=All}<br/>
<a href="#Output-21396615" onClick='toggleBox("Output-21396615", this, "Show output", "Hide output");'>Show output</a>

<a href="#Output-21396615" onClick="toggleAllBoxes();">Show all outputs</a>
<div class='log' id="Output-21396615">
STEP15<br/>
STEP16<br/>
STEP17<br/>
STEP18<br/>
STEP19<br/>
STEP20<br/>
STEP21<br/>
STEP22<br/>
STEP23<br/>
STEP24<br/>
STEP25<br/>
STEP26<br/>
STEP27<br/>
STEP28<br/>
</div>
</td>
<td></td>
<td>61</td>
<td>[Continuing_Education passed=0 failed=0 skipped=0]</td></tr>
<tr>
<td title='com.twelvetwenty.suite.nace_reports.Continuing_Education.test_Continuing_Education()'><b>test_Continuing_Education</b><br>Test class: com.twelvetwenty.suite.nace_reports.Continuing_Education<br>Parameters: {Description=Validating mba standard report, Automation_Id=Auto_Data_NACE6_3, sDegreeLevel=Bachelor's, MethodType=T1_TH1_TCN, Runmode=Y, sProgram=, sSchoolName=Fordham_Centralized, sSub_Report_Name=Continuing Education, DataFileName=Auto_Data_NACE6_3, iWait=2, sGraduationTerm=Full Academic Year, iGraduationYr=2014, sReportingMajor=2, sCollege=All}<br/>
<a href="#Output-3152757" onClick='toggleBox("Output-3152757", this, "Show output", "Hide output");'>Show output</a>

<a href="#Output-3152757" onClick="toggleAllBoxes();">Show all outputs</a>
<div class='log' id="Output-3152757">
STEP29<br/>
STEP30<br/>
STEP31<br/>
STEP32<br/>
STEP33<br/>
STEP34<br/>
STEP35<br/>
STEP36<br/>
STEP37<br/>
STEP38<br/>
STEP39<br/>
STEP40<br/>
STEP41<br/>
STEP42<br/>
</div>
</td>
<td></td>
<td>62</td>
<td>[Continuing_Education passed=0 failed=0 skipped=0]</td></tr>
<tr>
<td title='com.twelvetwenty.suite.nace_reports.Continuing_Education.test_Continuing_Education()'><b>test_Continuing_Education</b><br>Test class: com.twelvetwenty.suite.nace_reports.Continuing_Education<br>Parameters: {Description=Validating mba standard report, Automation_Id=Auto_Data_NACE6_4, sDegreeLevel=Master's, MethodType=T1_TH1_TCN, Runmode=Y, sProgram=, sSchoolName=Fordham_Centralized, sSub_Report_Name=Continuing Education, DataFileName=Auto_Data_NACE6_4, iWait=2, sGraduationTerm=Full Academic Year, iGraduationYr=2014, sReportingMajor=2, sCollege=All}<br/>
<a href="#Output-1077605" onClick='toggleBox("Output-1077605", this, "Show output", "Hide output");'>Show output</a>

<a href="#Output-1077605" onClick="toggleAllBoxes();">Show all outputs</a>
<div class='log' id="Output-1077605">
STEP43<br/>
STEP44<br/>
STEP45<br/>
STEP46<br/>
STEP47<br/>
STEP48<br/>
STEP49<br/>
STEP50<br/>
STEP51<br/>
STEP52<br/>
STEP53<br/>
STEP54<br/>
STEP55<br/>
STEP56<br/>
</div>
</td>
<td></td>
<td>60</td>
<td>[Continuing_Education passed=0 failed=0 skipped=0]</td></tr>
<tr>
<td title='com.twelvetwenty.suite.nace_reports.Continuing_Education.test_Continuing_Education()'><b>test_Continuing_Education</b><br>Test class: com.twelvetwenty.suite.nace_reports.Continuing_Education<br>Parameters: {Description=Validating mba standard report, Automation_Id=Auto_Data_NACE6_5, sDegreeLevel=All, MethodType=T1_TH1_TCN, Runmode=Y, sProgram=, sSchoolName=Fordham_Centralized, sSub_Report_Name=Continuing Education, DataFileName=Auto_Data_NACE6_5, iWait=2, sGraduationTerm=Full Academic Year, iGraduationYr=2014, sReportingMajor=1, sCollege=All}<br/>
<a href="#Output-20084184" onClick='toggleBox("Output-20084184", this, "Show output", "Hide output");'>Show output</a>

<a href="#Output-20084184" onClick="toggleAllBoxes();">Show all outputs</a>
<div class='log' id="Output-20084184">
STEP57<br/>
STEP58<br/>
STEP59<br/>
STEP60<br/>
STEP61<br/>
STEP62<br/>
STEP63<br/>
STEP64<br/>
STEP65<br/>
STEP66<br/>
STEP67<br/>
STEP68<br/>
STEP69<br/>
STEP70<br/>
</div>
</td>
<td></td>
<td>80</td>
<td>[Continuing_Education passed=0 failed=0 skipped=0]</td></tr>
<tr>
<td title='com.twelvetwenty.suite.nace_reports.Continuing_Education.test_Continuing_Education()'><b>test_Continuing_Education</b><br>Test class: com.twelvetwenty.suite.nace_reports.Continuing_Education<br>Parameters: {Description=Validating mba standard report, Automation_Id=Auto_Data_NACE6_6, sDegreeLevel=All, MethodType=T1_TH1_TCN, Runmode=Y, sProgram=, sSchoolName=Fordham_Centralized, sSub_Report_Name=Continuing Education, DataFileName=Auto_Data_NACE6_6, iWait=2, sGraduationTerm=Full Academic Year, iGraduationYr=2014, sReportingMajor=2, sCollege=FC AT ROSE HILL}<br/>
<a href="#Output-7545082" onClick='toggleBox("Output-7545082", this, "Show output", "Hide output");'>Show output</a>

<a href="#Output-7545082" onClick="toggleAllBoxes();">Show all outputs</a>
<div class='log' id="Output-7545082">
STEP71<br/>
STEP72<br/>
STEP73<br/>
STEP74<br/>
STEP75<br/>
STEP76<br/>
STEP77<br/>
STEP78<br/>
STEP79<br/>
STEP80<br/>
STEP81<br/>
STEP82<br/>
STEP83<br/>
STEP84<br/>
</div>
</td>
<td></td>
<td>77</td>
<td>[Continuing_Education passed=0 failed=0 skipped=0]</td></tr>
<tr>
<td title='com.twelvetwenty.suite.nace_reports.Continuing_Education.test_Continuing_Education()'><b>test_Continuing_Education</b><br>Test class: com.twelvetwenty.suite.nace_reports.Continuing_Education<br>Parameters: {Description=Validating mba standard report, Automation_Id=Auto_Data_NACE6_7, sDegreeLevel=All, MethodType=T1_TH1_TCN, Runmode=Y, sProgram=, sSchoolName=Fordham_Centralized, sSub_Report_Name=Continuing Education, DataFileName=Auto_Data_NACE6_7, iWait=2, sGraduationTerm=Spring 2014, iGraduationYr=2014, sReportingMajor=2, sCollege=All}<br/>
<a href="#Output-25912567" onClick='toggleBox("Output-25912567", this, "Show output", "Hide output");'>Show output</a>

<a href="#Output-25912567" onClick="toggleAllBoxes();">Show all outputs</a>
<div class='log' id="Output-25912567">
STEP85<br/>
STEP86<br/>
STEP87<br/>
STEP88<br/>
STEP89<br/>
STEP90<br/>
STEP91<br/>
STEP92<br/>
STEP93<br/>
STEP94<br/>
STEP95<br/>
STEP96<br/>
STEP97<br/>
STEP98<br/>
</div>
</td>
<td></td>
<td>81</td>
<td>[Continuing_Education passed=0 failed=0 skipped=0]</td></tr>
<tr>
<td title='com.twelvetwenty.suite.nace_reports.Continuing_Education.test_Continuing_Education()'><b>test_Continuing_Education</b><br>Test class: com.twelvetwenty.suite.nace_reports.Continuing_Education<br>Parameters: {Description=Validating mba standard report, Automation_Id=Auto_Data_NACE6_8, sDegreeLevel=All, MethodType=T1_TH1_TCN, Runmode=Y, sProgram=, sSchoolName=Fordham_Centralized, sSub_Report_Name=Continuing Education, DataFileName=Auto_Data_NACE6_8, iWait=2, sGraduationTerm=Full Academic Year, iGraduationYr=2013, sReportingMajor=2, sCollege=All}<br/>
<a href="#Output-5651175" onClick='toggleBox("Output-5651175", this, "Show output", "Hide output");'>Show output</a>

<a href="#Output-5651175" onClick="toggleAllBoxes();">Show all outputs</a>
<div class='log' id="Output-5651175">
STEP99<br/>
STEP100<br/>
STEP101<br/>
STEP102<br/>
STEP103<br/>
STEP104<br/>
STEP105<br/>
STEP106<br/>
STEP107<br/>
STEP108<br/>
STEP109<br/>
STEP110<br/>
STEP111<br/>
STEP112<br/>
</div>
</td>
<td></td>
<td>75</td>
<td>[Continuing_Education passed=0 failed=0 skipped=0]</td></tr>
<tr>
<td title='com.twelvetwenty.suite.nace_reports.Continuing_Education.test_Continuing_Education()'><b>test_Continuing_Education</b><br>Test class: com.twelvetwenty.suite.nace_reports.Continuing_Education<br>Parameters: {Description=Validating mba standard report, Automation_Id=Auto_Data_NACE6_9, sDegreeLevel=All, MethodType=T1_TH1_TCN, Runmode=Y, sProgram=All, sSchoolName=Columbia_Centralized, sSub_Report_Name=Continuing Education, DataFileName=Auto_Data_NACE6_9, iWait=2, sGraduationTerm=Full Academic Year, iGraduationYr=2014, sReportingMajor=2, sCollege=All}<br/>
<a href="#Output-22308140" onClick='toggleBox("Output-22308140", this, "Show output", "Hide output");'>Show output</a>

<a href="#Output-22308140" onClick="toggleAllBoxes();">Show all outputs</a>
<div class='log' id="Output-22308140">
STEP113<br/>
STEP114<br/>
STEP115<br/>
STEP116<br/>
STEP117<br/>
STEP118<br/>
STEP119<br/>
STEP120<br/>
STEP121<br/>
STEP122<br/>
STEP123<br/>
STEP124<br/>
STEP125<br/>
STEP126<br/>
</div>
</td>
<td></td>
<td>115</td>
<td>[Continuing_Education passed=0 failed=0 skipped=0]</td></tr>
<tr>
<td title='com.twelvetwenty.suite.nace_reports.Continuing_Education.test_Continuing_Education()'><b>test_Continuing_Education</b><br>Test class: com.twelvetwenty.suite.nace_reports.Continuing_Education<br>Parameters: {Description=Validating mba standard report, Automation_Id=Auto_Data_NACE6_10, sDegreeLevel=All, MethodType=T1_TH1_TCN, Runmode=Y, sProgram=Business, sSchoolName=Columbia_Centralized, sSub_Report_Name=Continuing Education, DataFileName=Auto_Data_NACE6_10, iWait=2, sGraduationTerm=Full Academic Year, iGraduationYr=2014, sReportingMajor=2, sCollege=All}<br/>
<a href="#Output-31029700" onClick='toggleBox("Output-31029700", this, "Show output", "Hide output");'>Show output</a>

<a href="#Output-31029700" onClick="toggleAllBoxes();">Show all outputs</a>
<div class='log' id="Output-31029700">
STEP127<br/>
STEP128<br/>
STEP129<br/>
STEP130<br/>
STEP131<br/>
STEP132<br/>
STEP133<br/>
STEP134<br/>
STEP135<br/>
STEP136<br/>
STEP137<br/>
STEP138<br/>
STEP139<br/>
STEP140<br/>
</div>
</td>
<td></td>
<td>113</td>
<td>[Continuing_Education passed=0 failed=0 skipped=0]</td></tr>
<tr>
<td title='com.twelvetwenty.suite.nace_reports.Full_Time_Employment.test_Full_Time_Employment()'><b>test_Full_Time_Employment</b><br>Test class: com.twelvetwenty.suite.nace_reports.Full_Time_Employment<br>Parameters: {Description=Validating mba standard report, Automation_Id=Auto_Data_NACE2_1, sDegreeLevel=All, MethodType=T1_TH1_TCN, Runmode=Y, sProgram=, sSchoolName=Fordham_Centralized, sSub_Report_Name=Full-Time Employment, DataFileName=Auto_Data_NACE2_1, iWait=2, sGraduationTerm=Full Academic Year, iGraduationYr=2014, sReportingMajor=2, sCollege=All}<br/>
<a href="#Output-25671321" onClick='toggleBox("Output-25671321", this, "Show output", "Hide output");'>Show output</a>

<a href="#Output-25671321" onClick="toggleAllBoxes();">Show all outputs</a>
<div class='log' id="Output-25671321">
STEP141<br/>
STEP142<br/>
STEP143<br/>
STEP144<br/>
STEP145<br/>
STEP146<br/>
STEP147<br/>
STEP148<br/>
STEP149<br/>
STEP150<br/>
STEP151<br/>
STEP152<br/>
STEP153<br/>
STEP154<br/>
</div>
</td>
<td></td>
<td>170</td>
<td>[Full_Time_Employment passed=0 failed=0 skipped=0]</td></tr>
<tr>
<td title='com.twelvetwenty.suite.nace_reports.Full_Time_Employment.test_Full_Time_Employment()'><b>test_Full_Time_Employment</b><br>Test class: com.twelvetwenty.suite.nace_reports.Full_Time_Employment<br>Parameters: {Description=Validating mba standard report, Automation_Id=Auto_Data_NACE2_2, sDegreeLevel=Associate, MethodType=T1_TH1_TCN, Runmode=Y, sProgram=, sSchoolName=Fordham_Centralized, sSub_Report_Name=Full-Time Employment, DataFileName=Auto_Data_NACE2_2, iWait=2, sGraduationTerm=Full Academic Year, iGraduationYr=2014, sReportingMajor=2, sCollege=All}<br/>
<a href="#Output-31669337" onClick='toggleBox("Output-31669337", this, "Show output", "Hide output");'>Show output</a>

<a href="#Output-31669337" onClick="toggleAllBoxes();">Show all outputs</a>
<div class='log' id="Output-31669337">
STEP155<br/>
STEP156<br/>
STEP157<br/>
STEP158<br/>
STEP159<br/>
STEP160<br/>
STEP161<br/>
STEP162<br/>
STEP163<br/>
STEP164<br/>
STEP165<br/>
STEP166<br/>
STEP167<br/>
STEP168<br/>
</div>
</td>
<td></td>
<td>83</td>
<td>[Full_Time_Employment passed=0 failed=0 skipped=0]</td></tr>
<tr>
<td title='com.twelvetwenty.suite.nace_reports.Full_Time_Employment.test_Full_Time_Employment()'><b>test_Full_Time_Employment</b><br>Test class: com.twelvetwenty.suite.nace_reports.Full_Time_Employment<br>Parameters: {Description=Validating mba standard report, Automation_Id=Auto_Data_NACE2_3, sDegreeLevel=Bachelor's, MethodType=T1_TH1_TCN, Runmode=Y, sProgram=, sSchoolName=Fordham_Centralized, sSub_Report_Name=Full-Time Employment, DataFileName=Auto_Data_NACE2_3, iWait=2, sGraduationTerm=Full Academic Year, iGraduationYr=2014, sReportingMajor=2, sCollege=All}<br/>
<a href="#Output-7976139" onClick='toggleBox("Output-7976139", this, "Show output", "Hide output");'>Show output</a>

<a href="#Output-7976139" onClick="toggleAllBoxes();">Show all outputs</a>
<div class='log' id="Output-7976139">
STEP169<br/>
STEP170<br/>
STEP171<br/>
STEP172<br/>
STEP173<br/>
STEP174<br/>
STEP175<br/>
STEP176<br/>
STEP177<br/>
STEP178<br/>
STEP179<br/>
STEP180<br/>
STEP181<br/>
STEP182<br/>
</div>
</td>
<td></td>
<td>83</td>
<td>[Full_Time_Employment passed=0 failed=0 skipped=0]</td></tr>
<tr>
<td title='com.twelvetwenty.suite.nace_reports.Full_Time_Employment.test_Full_Time_Employment()'><b>test_Full_Time_Employment</b><br>Test class: com.twelvetwenty.suite.nace_reports.Full_Time_Employment<br>Parameters: {Description=Validating mba standard report, Automation_Id=Auto_Data_NACE2_4, sDegreeLevel=Master's, MethodType=T1_TH1_TCN, Runmode=Y, sProgram=, sSchoolName=Fordham_Centralized, sSub_Report_Name=Full-Time Employment, DataFileName=Auto_Data_NACE2_4, iWait=2, sGraduationTerm=Full Academic Year, iGraduationYr=2014, sReportingMajor=2, sCollege=All}<br/>
<a href="#Output-15173083" onClick='toggleBox("Output-15173083", this, "Show output", "Hide output");'>Show output</a>

<a href="#Output-15173083" onClick="toggleAllBoxes();">Show all outputs</a>
<div class='log' id="Output-15173083">
STEP183<br/>
STEP184<br/>
STEP185<br/>
STEP186<br/>
STEP187<br/>
STEP188<br/>
STEP189<br/>
STEP190<br/>
STEP191<br/>
STEP192<br/>
STEP193<br/>
STEP194<br/>
STEP195<br/>
STEP196<br/>
</div>
</td>
<td></td>
<td>86</td>
<td>[Full_Time_Employment passed=0 failed=0 skipped=0]</td></tr>
<tr>
<td title='com.twelvetwenty.suite.nace_reports.Full_Time_Employment.test_Full_Time_Employment()'><b>test_Full_Time_Employment</b><br>Test class: com.twelvetwenty.suite.nace_reports.Full_Time_Employment<br>Parameters: {Description=Validating mba standard report, Automation_Id=Auto_Data_NACE2_5, sDegreeLevel=All, MethodType=T1_TH1_TCN, Runmode=Y, sProgram=, sSchoolName=Fordham_Centralized, sSub_Report_Name=Full-Time Employment, DataFileName=Auto_Data_NACE2_5, iWait=2, sGraduationTerm=Full Academic Year, iGraduationYr=2014, sReportingMajor=1, sCollege=All}<br/>
<a href="#Output-859533" onClick='toggleBox("Output-859533", this, "Show output", "Hide output");'>Show output</a>

<a href="#Output-859533" onClick="toggleAllBoxes();">Show all outputs</a>
<div class='log' id="Output-859533">
STEP197<br/>
STEP198<br/>
STEP199<br/>
STEP200<br/>
STEP201<br/>
STEP202<br/>
STEP203<br/>
STEP204<br/>
STEP205<br/>
STEP206<br/>
STEP207<br/>
STEP208<br/>
STEP209<br/>
STEP210<br/>
</div>
</td>
<td></td>
<td>168</td>
<td>[Full_Time_Employment passed=0 failed=0 skipped=0]</td></tr>
<tr>
<td title='com.twelvetwenty.suite.nace_reports.Full_Time_Employment.test_Full_Time_Employment()'><b>test_Full_Time_Employment</b><br>Test class: com.twelvetwenty.suite.nace_reports.Full_Time_Employment<br>Parameters: {Description=Validating mba standard report, Automation_Id=Auto_Data_NACE2_6, sDegreeLevel=All, MethodType=T1_TH1_TCN, Runmode=Y, sProgram=, sSchoolName=Fordham_Centralized, sSub_Report_Name=Full-Time Employment, DataFileName=Auto_Data_NACE2_6, iWait=2, sGraduationTerm=Full Academic Year, iGraduationYr=2014, sReportingMajor=2, sCollege=FC AT ROSE HILL}<br/>
<a href="#Output-26933788" onClick='toggleBox("Output-26933788", this, "Show output", "Hide output");'>Show output</a>

<a href="#Output-26933788" onClick="toggleAllBoxes();">Show all outputs</a>
<div class='log' id="Output-26933788">
STEP211<br/>
STEP212<br/>
STEP213<br/>
STEP214<br/>
STEP215<br/>
STEP216<br/>
STEP217<br/>
STEP218<br/>
STEP219<br/>
STEP220<br/>
STEP221<br/>
STEP222<br/>
STEP223<br/>
STEP224<br/>
</div>
</td>
<td></td>
<td>170</td>
<td>[Full_Time_Employment passed=0 failed=0 skipped=0]</td></tr>
<tr>
<td title='com.twelvetwenty.suite.nace_reports.Full_Time_Employment.test_Full_Time_Employment()'><b>test_Full_Time_Employment</b><br>Test class: com.twelvetwenty.suite.nace_reports.Full_Time_Employment<br>Parameters: {Description=Validating mba standard report, Automation_Id=Auto_Data_NACE2_7, sDegreeLevel=All, MethodType=T1_TH1_TCN, Runmode=Y, sProgram=, sSchoolName=Fordham_Centralized, sSub_Report_Name=Full-Time Employment, DataFileName=Auto_Data_NACE2_7, iWait=2, sGraduationTerm=Spring 2014, iGraduationYr=2014, sReportingMajor=2, sCollege=All}<br/>
<a href="#Output-29921116" onClick='toggleBox("Output-29921116", this, "Show output", "Hide output");'>Show output</a>

<a href="#Output-29921116" onClick="toggleAllBoxes();">Show all outputs</a>
<div class='log' id="Output-29921116">
STEP225<br/>
STEP226<br/>
STEP227<br/>
STEP228<br/>
STEP229<br/>
STEP230<br/>
STEP231<br/>
STEP232<br/>
STEP233<br/>
STEP234<br/>
STEP235<br/>
STEP236<br/>
STEP237<br/>
STEP238<br/>
</div>
</td>
<td></td>
<td>167</td>
<td>[Full_Time_Employment passed=0 failed=0 skipped=0]</td></tr>
<tr>
<td title='com.twelvetwenty.suite.nace_reports.Full_Time_Employment.test_Full_Time_Employment()'><b>test_Full_Time_Employment</b><br>Test class: com.twelvetwenty.suite.nace_reports.Full_Time_Employment<br>Parameters: {Description=Validating mba standard report, Automation_Id=Auto_Data_NACE2_8, sDegreeLevel=All, MethodType=T1_TH1_TCN, Runmode=Y, sProgram=, sSchoolName=Fordham_Centralized, sSub_Report_Name=Full-Time Employment, DataFileName=Auto_Data_NACE2_8, iWait=2, sGraduationTerm=Full Academic Year, iGraduationYr=2013, sReportingMajor=2, sCollege=All}<br/>
<a href="#Output-25340858" onClick='toggleBox("Output-25340858", this, "Show output", "Hide output");'>Show output</a>

<a href="#Output-25340858" onClick="toggleAllBoxes();">Show all outputs</a>
<div class='log' id="Output-25340858">
STEP239<br/>
STEP240<br/>
STEP241<br/>
STEP242<br/>
STEP243<br/>
STEP244<br/>
STEP245<br/>
STEP246<br/>
STEP247<br/>
STEP248<br/>
STEP249<br/>
STEP250<br/>
STEP251<br/>
STEP252<br/>
</div>
</td>
<td></td>
<td>196</td>
<td>[Full_Time_Employment passed=0 failed=0 skipped=0]</td></tr>
<tr>
<td title='com.twelvetwenty.suite.nace_reports.Full_Time_Employment.test_Full_Time_Employment()'><b>test_Full_Time_Employment</b><br>Test class: com.twelvetwenty.suite.nace_reports.Full_Time_Employment<br>Parameters: {Description=Validating mba standard report, Automation_Id=Auto_Data_NACE2_9, sDegreeLevel=All, MethodType=T1_TH1_TCN, Runmode=Y, sProgram=All, sSchoolName=Columbia_Centralized, sSub_Report_Name=Full-Time Employment, DataFileName=Auto_Data_NACE2_9, iWait=2, sGraduationTerm=Full Academic Year, iGraduationYr=2014, sReportingMajor=2, sCollege=All}<br/>
<a href="#Output-7622324" onClick='toggleBox("Output-7622324", this, "Show output", "Hide output");'>Show output</a>

<a href="#Output-7622324" onClick="toggleAllBoxes();">Show all outputs</a>
<div class='log' id="Output-7622324">
STEP253<br/>
STEP254<br/>
STEP255<br/>
STEP256<br/>
STEP257<br/>
STEP258<br/>
STEP259<br/>
STEP260<br/>
STEP261<br/>
STEP262<br/>
STEP263<br/>
STEP264<br/>
STEP265<br/>
STEP266<br/>
</div>
</td>
<td></td>
<td>464</td>
<td>[Full_Time_Employment passed=0 failed=0 skipped=0]</td></tr>
<tr>
<td title='com.twelvetwenty.suite.nace_reports.Full_Time_Employment.test_Full_Time_Employment()'><b>test_Full_Time_Employment</b><br>Test class: com.twelvetwenty.suite.nace_reports.Full_Time_Employment<br>Parameters: {Description=Validating mba standard report, Automation_Id=Auto_Data_NACE2_10, sDegreeLevel=All, MethodType=T1_TH1_TCN, Runmode=Y, sProgram=Business, sSchoolName=Columbia_Centralized, sSub_Report_Name=Full-Time Employment, DataFileName=Auto_Data_NACE2_10, iWait=2, sGraduationTerm=Full Academic Year, iGraduationYr=2014, sReportingMajor=2, sCollege=All}<br/>
<a href="#Output-11891754" onClick='toggleBox("Output-11891754", this, "Show output", "Hide output");'>Show output</a>

<a href="#Output-11891754" onClick="toggleAllBoxes();">Show all outputs</a>
<div class='log' id="Output-11891754">
STEP267<br/>
STEP268<br/>
STEP269<br/>
STEP270<br/>
STEP271<br/>
STEP272<br/>
STEP273<br/>
STEP274<br/>
STEP275<br/>
STEP276<br/>
STEP277<br/>
STEP278<br/>
STEP279<br/>
STEP280<br/>
</div>
</td>
<td></td>
<td>431</td>
<td>[Full_Time_Employment passed=0 failed=0 skipped=0]</td></tr>
<tr>
<td title='com.twelvetwenty.suite.nace_reports.Military_Service.test_Military_Service()'><b>test_Military_Service</b><br>Test class: com.twelvetwenty.suite.nace_reports.Military_Service<br>Parameters: {Description=Validating mba standard report, Automation_Id=Auto_Data_NACE5_1, sDegreeLevel=All, MethodType=T1_TH1_TCN, Runmode=Y, sProgram=, sSchoolName=Fordham_Centralized, sSub_Report_Name=Military Service, DataFileName=Auto_Data_NACE5_1, iWait=2, sGraduationTerm=Full Academic Year, iGraduationYr=2014, sReportingMajor=2, sCollege=All}<br/>
<a href="#Output-3665617" onClick='toggleBox("Output-3665617", this, "Show output", "Hide output");'>Show output</a>

<a href="#Output-3665617" onClick="toggleAllBoxes();">Show all outputs</a>
<div class='log' id="Output-3665617">
STEP281<br/>
STEP282<br/>
STEP283<br/>
STEP284<br/>
STEP285<br/>
STEP286<br/>
STEP287<br/>
STEP288<br/>
STEP289<br/>
STEP290<br/>
STEP291<br/>
STEP292<br/>
STEP293<br/>
STEP294<br/>
</div>
</td>
<td></td>
<td>111</td>
<td>[Military_Service passed=0 failed=0 skipped=0]</td></tr>
<tr>
<td title='com.twelvetwenty.suite.nace_reports.Military_Service.test_Military_Service()'><b>test_Military_Service</b><br>Test class: com.twelvetwenty.suite.nace_reports.Military_Service<br>Parameters: {Description=Validating mba standard report, Automation_Id=Auto_Data_NACE5_9, sDegreeLevel=All, MethodType=T1_TH1_TCN, Runmode=Y, sProgram=All, sSchoolName=Columbia_Centralized, sSub_Report_Name=Military Service, DataFileName=Auto_Data_NACE5_9, iWait=2, sGraduationTerm=Full Academic Year, iGraduationYr=2014, sReportingMajor=2, sCollege=All}<br/>
<a href="#Output-16020197" onClick='toggleBox("Output-16020197", this, "Show output", "Hide output");'>Show output</a>

<a href="#Output-16020197" onClick="toggleAllBoxes();">Show all outputs</a>
<div class='log' id="Output-16020197">
STEP295<br/>
STEP296<br/>
STEP297<br/>
STEP298<br/>
STEP299<br/>
STEP300<br/>
STEP301<br/>
STEP302<br/>
STEP303<br/>
STEP304<br/>
STEP305<br/>
STEP306<br/>
STEP307<br/>
STEP308<br/>
</div>
</td>
<td></td>
<td>107</td>
<td>[Military_Service passed=0 failed=0 skipped=0]</td></tr>
<tr>
<td title='com.twelvetwenty.suite.nace_reports.Part_Time_Employment.test_Part_Time_Employment()'><b>test_Part_Time_Employment</b><br>Test class: com.twelvetwenty.suite.nace_reports.Part_Time_Employment<br>Parameters: {Description=Validating mba standard report, Automation_Id=Auto_Data_NACE3_1, sDegreeLevel=All, MethodType=T1_TH1_TCN, Runmode=Y, sProgram=, sSchoolName=Fordham_Centralized, sSub_Report_Name=Part-Time Employment, DataFileName=Auto_Data_NACE3_1, iWait=2, sGraduationTerm=Full Academic Year, iGraduationYr=2014, sReportingMajor=2, sCollege=All}<br/>
<a href="#Output-26753082" onClick='toggleBox("Output-26753082", this, "Show output", "Hide output");'>Show output</a>

<a href="#Output-26753082" onClick="toggleAllBoxes();">Show all outputs</a>
<div class='log' id="Output-26753082">
STEP309<br/>
STEP310<br/>
STEP311<br/>
STEP312<br/>
STEP313<br/>
STEP314<br/>
STEP315<br/>
STEP316<br/>
STEP317<br/>
STEP318<br/>
STEP319<br/>
STEP320<br/>
STEP321<br/>
STEP322<br/>
</div>
</td>
<td></td>
<td>175</td>
<td>[Part_Time_Employment passed=0 failed=0 skipped=0]</td></tr>
<tr>
<td title='com.twelvetwenty.suite.nace_reports.Part_Time_Employment.test_Part_Time_Employment()'><b>test_Part_Time_Employment</b><br>Test class: com.twelvetwenty.suite.nace_reports.Part_Time_Employment<br>Parameters: {Description=Validating mba standard report, Automation_Id=Auto_Data_NACE3_2, sDegreeLevel=Associate, MethodType=T1_TH1_TCN, Runmode=Y, sProgram=, sSchoolName=Fordham_Centralized, sSub_Report_Name=Part-Time Employment, DataFileName=Auto_Data_NACE3_2, iWait=2, sGraduationTerm=Full Academic Year, iGraduationYr=2014, sReportingMajor=2, sCollege=All}<br/>
<a href="#Output-12300669" onClick='toggleBox("Output-12300669", this, "Show output", "Hide output");'>Show output</a>

<a href="#Output-12300669" onClick="toggleAllBoxes();">Show all outputs</a>
<div class='log' id="Output-12300669">
STEP323<br/>
STEP324<br/>
STEP325<br/>
STEP326<br/>
STEP327<br/>
STEP328<br/>
STEP329<br/>
STEP330<br/>
STEP331<br/>
STEP332<br/>
STEP333<br/>
STEP334<br/>
STEP335<br/>
STEP336<br/>
</div>
</td>
<td></td>
<td>92</td>
<td>[Part_Time_Employment passed=0 failed=0 skipped=0]</td></tr>
<tr>
<td title='com.twelvetwenty.suite.nace_reports.Part_Time_Employment.test_Part_Time_Employment()'><b>test_Part_Time_Employment</b><br>Test class: com.twelvetwenty.suite.nace_reports.Part_Time_Employment<br>Parameters: {Description=Validating mba standard report, Automation_Id=Auto_Data_NACE3_3, sDegreeLevel=Bachelor's, MethodType=T1_TH1_TCN, Runmode=Y, sProgram=, sSchoolName=Fordham_Centralized, sSub_Report_Name=Part-Time Employment, DataFileName=Auto_Data_NACE3_3, iWait=2, sGraduationTerm=Full Academic Year, iGraduationYr=2014, sReportingMajor=2, sCollege=All}<br/>
<a href="#Output-11261232" onClick='toggleBox("Output-11261232", this, "Show output", "Hide output");'>Show output</a>

<a href="#Output-11261232" onClick="toggleAllBoxes();">Show all outputs</a>
<div class='log' id="Output-11261232">
STEP337<br/>
STEP338<br/>
STEP339<br/>
STEP340<br/>
STEP341<br/>
STEP342<br/>
STEP343<br/>
STEP344<br/>
STEP345<br/>
STEP346<br/>
STEP347<br/>
STEP348<br/>
STEP349<br/>
STEP350<br/>
</div>
</td>
<td></td>
<td>90</td>
<td>[Part_Time_Employment passed=0 failed=0 skipped=0]</td></tr>
<tr>
<td title='com.twelvetwenty.suite.nace_reports.Part_Time_Employment.test_Part_Time_Employment()'><b>test_Part_Time_Employment</b><br>Test class: com.twelvetwenty.suite.nace_reports.Part_Time_Employment<br>Parameters: {Description=Validating mba standard report, Automation_Id=Auto_Data_NACE3_4, sDegreeLevel=Master's, MethodType=T1_TH1_TCN, Runmode=Y, sProgram=, sSchoolName=Fordham_Centralized, sSub_Report_Name=Part-Time Employment, DataFileName=Auto_Data_NACE3_4, iWait=2, sGraduationTerm=Full Academic Year, iGraduationYr=2014, sReportingMajor=2, sCollege=All}<br/>
<a href="#Output-18832179" onClick='toggleBox("Output-18832179", this, "Show output", "Hide output");'>Show output</a>

<a href="#Output-18832179" onClick="toggleAllBoxes();">Show all outputs</a>
<div class='log' id="Output-18832179">
STEP351<br/>
STEP352<br/>
STEP353<br/>
STEP354<br/>
STEP355<br/>
STEP356<br/>
STEP357<br/>
STEP358<br/>
STEP359<br/>
STEP360<br/>
STEP361<br/>
STEP362<br/>
STEP363<br/>
STEP364<br/>
</div>
</td>
<td></td>
<td>87</td>
<td>[Part_Time_Employment passed=0 failed=0 skipped=0]</td></tr>
<tr>
<td title='com.twelvetwenty.suite.nace_reports.Part_Time_Employment.test_Part_Time_Employment()'><b>test_Part_Time_Employment</b><br>Test class: com.twelvetwenty.suite.nace_reports.Part_Time_Employment<br>Parameters: {Description=Validating mba standard report, Automation_Id=Auto_Data_NACE3_5, sDegreeLevel=All, MethodType=T1_TH1_TCN, Runmode=Y, sProgram=, sSchoolName=Fordham_Centralized, sSub_Report_Name=Part-Time Employment, DataFileName=Auto_Data_NACE3_5, iWait=2, sGraduationTerm=Full Academic Year, iGraduationYr=2014, sReportingMajor=1, sCollege=All}<br/>
<a href="#Output-5274679" onClick='toggleBox("Output-5274679", this, "Show output", "Hide output");'>Show output</a>

<a href="#Output-5274679" onClick="toggleAllBoxes();">Show all outputs</a>
<div class='log' id="Output-5274679">
STEP365<br/>
STEP366<br/>
STEP367<br/>
STEP368<br/>
STEP369<br/>
STEP370<br/>
STEP371<br/>
STEP372<br/>
STEP373<br/>
STEP374<br/>
STEP375<br/>
STEP376<br/>
STEP377<br/>
STEP378<br/>
</div>
</td>
<td></td>
<td>186</td>
<td>[Part_Time_Employment passed=0 failed=0 skipped=0]</td></tr>
<tr>
<td title='com.twelvetwenty.suite.nace_reports.Part_Time_Employment.test_Part_Time_Employment()'><b>test_Part_Time_Employment</b><br>Test class: com.twelvetwenty.suite.nace_reports.Part_Time_Employment<br>Parameters: {Description=Validating mba standard report, Automation_Id=Auto_Data_NACE3_6, sDegreeLevel=All, MethodType=T1_TH1_TCN, Runmode=Y, sProgram=, sSchoolName=Fordham_Centralized, sSub_Report_Name=Part-Time Employment, DataFileName=Auto_Data_NACE3_6, iWait=2, sGraduationTerm=Full Academic Year, iGraduationYr=2014, sReportingMajor=2, sCollege=FC AT ROSE HILL}<br/>
<a href="#Output-7336796" onClick='toggleBox("Output-7336796", this, "Show output", "Hide output");'>Show output</a>

<a href="#Output-7336796" onClick="toggleAllBoxes();">Show all outputs</a>
<div class='log' id="Output-7336796">
STEP379<br/>
STEP380<br/>
STEP381<br/>
STEP382<br/>
STEP383<br/>
STEP384<br/>
STEP385<br/>
STEP386<br/>
STEP387<br/>
STEP388<br/>
STEP389<br/>
STEP390<br/>
STEP391<br/>
STEP392<br/>
</div>
</td>
<td></td>
<td>195</td>
<td>[Part_Time_Employment passed=0 failed=0 skipped=0]</td></tr>
<tr>
<td title='com.twelvetwenty.suite.nace_reports.Part_Time_Employment.test_Part_Time_Employment()'><b>test_Part_Time_Employment</b><br>Test class: com.twelvetwenty.suite.nace_reports.Part_Time_Employment<br>Parameters: {Description=Validating mba standard report, Automation_Id=Auto_Data_NACE3_7, sDegreeLevel=All, MethodType=T1_TH1_TCN, Runmode=Y, sProgram=, sSchoolName=Fordham_Centralized, sSub_Report_Name=Part-Time Employment, DataFileName=Auto_Data_NACE3_7, iWait=2, sGraduationTerm=Spring 2014, iGraduationYr=2014, sReportingMajor=2, sCollege=All}<br/>
<a href="#Output-3759954" onClick='toggleBox("Output-3759954", this, "Show output", "Hide output");'>Show output</a>

<a href="#Output-3759954" onClick="toggleAllBoxes();">Show all outputs</a>
<div class='log' id="Output-3759954">
STEP393<br/>
STEP394<br/>
STEP395<br/>
STEP396<br/>
STEP397<br/>
STEP398<br/>
STEP399<br/>
STEP400<br/>
STEP401<br/>
STEP402<br/>
STEP403<br/>
STEP404<br/>
STEP405<br/>
STEP406<br/>
</div>
</td>
<td></td>
<td>180</td>
<td>[Part_Time_Employment passed=0 failed=0 skipped=0]</td></tr>
<tr>
<td title='com.twelvetwenty.suite.nace_reports.Part_Time_Employment.test_Part_Time_Employment()'><b>test_Part_Time_Employment</b><br>Test class: com.twelvetwenty.suite.nace_reports.Part_Time_Employment<br>Parameters: {Description=Validating mba standard report, Automation_Id=Auto_Data_NACE3_8, sDegreeLevel=All, MethodType=T1_TH1_TCN, Runmode=Y, sProgram=, sSchoolName=Fordham_Centralized, sSub_Report_Name=Part-Time Employment, DataFileName=Auto_Data_NACE3_8, iWait=2, sGraduationTerm=Full Academic Year, iGraduationYr=2013, sReportingMajor=2, sCollege=All}<br/>
<a href="#Output-12732706" onClick='toggleBox("Output-12732706", this, "Show output", "Hide output");'>Show output</a>

<a href="#Output-12732706" onClick="toggleAllBoxes();">Show all outputs</a>
<div class='log' id="Output-12732706">
STEP407<br/>
STEP408<br/>
STEP409<br/>
STEP410<br/>
STEP411<br/>
STEP412<br/>
STEP413<br/>
STEP414<br/>
STEP415<br/>
STEP416<br/>
STEP417<br/>
STEP418<br/>
STEP419<br/>
STEP420<br/>
</div>
</td>
<td></td>
<td>185</td>
<td>[Part_Time_Employment passed=0 failed=0 skipped=0]</td></tr>
<tr>
<td title='com.twelvetwenty.suite.nace_reports.Part_Time_Employment.test_Part_Time_Employment()'><b>test_Part_Time_Employment</b><br>Test class: com.twelvetwenty.suite.nace_reports.Part_Time_Employment<br>Parameters: {Description=Validating mba standard report, Automation_Id=Auto_Data_NACE3_9, sDegreeLevel=All, MethodType=T1_TH1_TCN, Runmode=Y, sProgram=All, sSchoolName=Columbia_Centralized, sSub_Report_Name=Part-Time Employment, DataFileName=Auto_Data_NACE3_9, iWait=2, sGraduationTerm=Full Academic Year, iGraduationYr=2014, sReportingMajor=2, sCollege=All}<br/>
<a href="#Output-26103250" onClick='toggleBox("Output-26103250", this, "Show output", "Hide output");'>Show output</a>

<a href="#Output-26103250" onClick="toggleAllBoxes();">Show all outputs</a>
<div class='log' id="Output-26103250">
STEP421<br/>
STEP422<br/>
STEP423<br/>
STEP424<br/>
STEP425<br/>
STEP426<br/>
STEP427<br/>
STEP428<br/>
STEP429<br/>
STEP430<br/>
STEP431<br/>
STEP432<br/>
STEP433<br/>
STEP434<br/>
</div>
</td>
<td></td>
<td>488</td>
<td>[Part_Time_Employment passed=0 failed=0 skipped=0]</td></tr>
<tr>
<td title='com.twelvetwenty.suite.nace_reports.Part_Time_Employment.test_Part_Time_Employment()'><b>test_Part_Time_Employment</b><br>Test class: com.twelvetwenty.suite.nace_reports.Part_Time_Employment<br>Parameters: {Description=Validating mba standard report, Automation_Id=Auto_Data_NACE3_10, sDegreeLevel=All, MethodType=T1_TH1_TCN, Runmode=Y, sProgram=Business, sSchoolName=Columbia_Centralized, sSub_Report_Name=Part-Time Employment, DataFileName=Auto_Data_NACE3_10, iWait=2, sGraduationTerm=Full Academic Year, iGraduationYr=2014, sReportingMajor=2, sCollege=All}<br/>
<a href="#Output-26769398" onClick='toggleBox("Output-26769398", this, "Show output", "Hide output");'>Show output</a>

<a href="#Output-26769398" onClick="toggleAllBoxes();">Show all outputs</a>
<div class='log' id="Output-26769398">
STEP435<br/>
STEP436<br/>
STEP437<br/>
STEP438<br/>
STEP439<br/>
STEP440<br/>
STEP441<br/>
STEP442<br/>
STEP443<br/>
STEP444<br/>
STEP445<br/>
STEP446<br/>
STEP447<br/>
STEP448<br/>
</div>
</td>
<td></td>
<td>461</td>
<td>[Part_Time_Employment passed=0 failed=0 skipped=0]</td></tr>
<tr>
<td title='com.twelvetwenty.suite.nace_reports.Seeking_or_Unreported.test_Seeking_or_Unreported()'><b>test_Seeking_or_Unreported</b><br>Test class: com.twelvetwenty.suite.nace_reports.Seeking_or_Unreported<br>Parameters: {Description=Validating mba standard report, Automation_Id=Auto_Data_NACE7_1, sDegreeLevel=All, MethodType=T1_TH1_TCN, Runmode=Y, sProgram=NA, sSchoolName=Fordham_Centralized, sSub_Report_Name=Seeking or Unreported, DataFileName=Auto_Data_NACE7_1, iWait=2, sGraduationTerm=Full Academic Year, iGraduationYr=2014, sReportingMajor=2, sCollege=All}<br/>
<a href="#Output-10274485" onClick='toggleBox("Output-10274485", this, "Show output", "Hide output");'>Show output</a>

<a href="#Output-10274485" onClick="toggleAllBoxes();">Show all outputs</a>
<div class='log' id="Output-10274485">
STEP449<br/>
STEP450<br/>
STEP451<br/>
STEP452<br/>
STEP453<br/>
STEP454<br/>
STEP455<br/>
STEP456<br/>
STEP457<br/>
STEP458<br/>
STEP459<br/>
STEP460<br/>
STEP461<br/>
STEP462<br/>
</div>
</td>
<td></td>
<td>103</td>
<td>[Seeking_or_Unreported passed=0 failed=0 skipped=0]</td></tr>
<tr>
<td title='com.twelvetwenty.suite.nace_reports.Seeking_or_Unreported.test_Seeking_or_Unreported()'><b>test_Seeking_or_Unreported</b><br>Test class: com.twelvetwenty.suite.nace_reports.Seeking_or_Unreported<br>Parameters: {Description=Validating mba standard report, Automation_Id=Auto_Data_NACE7_2, sDegreeLevel=Associate, MethodType=T1_TH1_TCN, Runmode=Y, sProgram=NA, sSchoolName=Fordham_Centralized, sSub_Report_Name=Seeking or Unreported, DataFileName=Auto_Data_NACE7_2, iWait=2, sGraduationTerm=Full Academic Year, iGraduationYr=2014, sReportingMajor=2, sCollege=All}<br/>
<a href="#Output-15247243" onClick='toggleBox("Output-15247243", this, "Show output", "Hide output");'>Show output</a>

<a href="#Output-15247243" onClick="toggleAllBoxes();">Show all outputs</a>
<div class='log' id="Output-15247243">
STEP463<br/>
STEP464<br/>
STEP465<br/>
STEP466<br/>
STEP467<br/>
STEP468<br/>
STEP469<br/>
STEP470<br/>
STEP471<br/>
STEP472<br/>
STEP473<br/>
STEP474<br/>
STEP475<br/>
STEP476<br/>
</div>
</td>
<td></td>
<td>69</td>
<td>[Seeking_or_Unreported passed=0 failed=0 skipped=0]</td></tr>
<tr>
<td title='com.twelvetwenty.suite.nace_reports.Seeking_or_Unreported.test_Seeking_or_Unreported()'><b>test_Seeking_or_Unreported</b><br>Test class: com.twelvetwenty.suite.nace_reports.Seeking_or_Unreported<br>Parameters: {Description=Validating mba standard report, Automation_Id=Auto_Data_NACE7_3, sDegreeLevel=Bachelor's, MethodType=T1_TH1_TCN, Runmode=Y, sProgram=NA, sSchoolName=Fordham_Centralized, sSub_Report_Name=Seeking or Unreported, DataFileName=Auto_Data_NACE7_3, iWait=2, sGraduationTerm=Full Academic Year, iGraduationYr=2014, sReportingMajor=2, sCollege=All}<br/>
<a href="#Output-9678451" onClick='toggleBox("Output-9678451", this, "Show output", "Hide output");'>Show output</a>

<a href="#Output-9678451" onClick="toggleAllBoxes();">Show all outputs</a>
<div class='log' id="Output-9678451">
STEP477<br/>
STEP478<br/>
STEP479<br/>
STEP480<br/>
STEP481<br/>
STEP482<br/>
STEP483<br/>
STEP484<br/>
STEP485<br/>
STEP486<br/>
STEP487<br/>
STEP488<br/>
STEP489<br/>
STEP490<br/>
</div>
</td>
<td></td>
<td>90</td>
<td>[Seeking_or_Unreported passed=0 failed=0 skipped=0]</td></tr>
<tr>
<td title='com.twelvetwenty.suite.nace_reports.Seeking_or_Unreported.test_Seeking_or_Unreported()'><b>test_Seeking_or_Unreported</b><br>Test class: com.twelvetwenty.suite.nace_reports.Seeking_or_Unreported<br>Parameters: {Description=Validating mba standard report, Automation_Id=Auto_Data_NACE7_4, sDegreeLevel=Master's, MethodType=T1_TH1_TCN, Runmode=Y, sProgram=NA, sSchoolName=Fordham_Centralized, sSub_Report_Name=Seeking or Unreported, DataFileName=Auto_Data_NACE7_4, iWait=2, sGraduationTerm=Full Academic Year, iGraduationYr=2014, sReportingMajor=2, sCollege=All}<br/>
<a href="#Output-3903333" onClick='toggleBox("Output-3903333", this, "Show output", "Hide output");'>Show output</a>

<a href="#Output-3903333" onClick="toggleAllBoxes();">Show all outputs</a>
<div class='log' id="Output-3903333">
STEP491<br/>
STEP492<br/>
STEP493<br/>
STEP494<br/>
STEP495<br/>
STEP496<br/>
STEP497<br/>
STEP498<br/>
STEP499<br/>
STEP500<br/>
STEP501<br/>
STEP502<br/>
STEP503<br/>
STEP504<br/>
</div>
</td>
<td></td>
<td>78</td>
<td>[Seeking_or_Unreported passed=0 failed=0 skipped=0]</td></tr>
<tr>
<td title='com.twelvetwenty.suite.nace_reports.Seeking_or_Unreported.test_Seeking_or_Unreported()'><b>test_Seeking_or_Unreported</b><br>Test class: com.twelvetwenty.suite.nace_reports.Seeking_or_Unreported<br>Parameters: {Description=Validating mba standard report, Automation_Id=Auto_Data_NACE7_5, sDegreeLevel=All, MethodType=T1_TH1_TCN, Runmode=Y, sProgram=NA, sSchoolName=Fordham_Centralized, sSub_Report_Name=Seeking or Unreported, DataFileName=Auto_Data_NACE7_5, iWait=2, sGraduationTerm=Full Academic Year, iGraduationYr=2014, sReportingMajor=1, sCollege=All}<br/>
<a href="#Output-14260599" onClick='toggleBox("Output-14260599", this, "Show output", "Hide output");'>Show output</a>

<a href="#Output-14260599" onClick="toggleAllBoxes();">Show all outputs</a>
<div class='log' id="Output-14260599">
STEP505<br/>
STEP506<br/>
STEP507<br/>
STEP508<br/>
STEP509<br/>
STEP510<br/>
STEP511<br/>
STEP512<br/>
STEP513<br/>
STEP514<br/>
STEP515<br/>
STEP516<br/>
STEP517<br/>
STEP518<br/>
</div>
</td>
<td></td>
<td>97</td>
<td>[Seeking_or_Unreported passed=0 failed=0 skipped=0]</td></tr>
<tr>
<td title='com.twelvetwenty.suite.nace_reports.Seeking_or_Unreported.test_Seeking_or_Unreported()'><b>test_Seeking_or_Unreported</b><br>Test class: com.twelvetwenty.suite.nace_reports.Seeking_or_Unreported<br>Parameters: {Description=Validating mba standard report, Automation_Id=Auto_Data_NACE7_6, sDegreeLevel=All, MethodType=T1_TH1_TCN, Runmode=Y, sProgram=NA, sSchoolName=Fordham_Centralized, sSub_Report_Name=Seeking or Unreported, DataFileName=Auto_Data_NACE7_6, iWait=2, sGraduationTerm=Full Academic Year, iGraduationYr=2014, sReportingMajor=2, sCollege=FC AT ROSE HILL}<br/>
<a href="#Output-8109712" onClick='toggleBox("Output-8109712", this, "Show output", "Hide output");'>Show output</a>

<a href="#Output-8109712" onClick="toggleAllBoxes();">Show all outputs</a>
<div class='log' id="Output-8109712">
STEP519<br/>
STEP520<br/>
STEP521<br/>
STEP522<br/>
STEP523<br/>
STEP524<br/>
STEP525<br/>
STEP526<br/>
STEP527<br/>
STEP528<br/>
STEP529<br/>
STEP530<br/>
STEP531<br/>
STEP532<br/>
</div>
</td>
<td></td>
<td>114</td>
<td>[Seeking_or_Unreported passed=0 failed=0 skipped=0]</td></tr>
<tr>
<td title='com.twelvetwenty.suite.nace_reports.Seeking_or_Unreported.test_Seeking_or_Unreported()'><b>test_Seeking_or_Unreported</b><br>Test class: com.twelvetwenty.suite.nace_reports.Seeking_or_Unreported<br>Parameters: {Description=Validating mba standard report, Automation_Id=Auto_Data_NACE7_7, sDegreeLevel=All, MethodType=T1_TH1_TCN, Runmode=Y, sProgram=NA, sSchoolName=Fordham_Centralized, sSub_Report_Name=Seeking or Unreported, DataFileName=Auto_Data_NACE7_7, iWait=2, sGraduationTerm=Spring 2014, iGraduationYr=2014, sReportingMajor=2, sCollege=All}<br/>
<a href="#Output-6154383" onClick='toggleBox("Output-6154383", this, "Show output", "Hide output");'>Show output</a>

<a href="#Output-6154383" onClick="toggleAllBoxes();">Show all outputs</a>
<div class='log' id="Output-6154383">
STEP533<br/>
STEP534<br/>
STEP535<br/>
STEP536<br/>
STEP537<br/>
STEP538<br/>
STEP539<br/>
STEP540<br/>
STEP541<br/>
STEP542<br/>
STEP543<br/>
STEP544<br/>
STEP545<br/>
STEP546<br/>
</div>
</td>
<td></td>
<td>104</td>
<td>[Seeking_or_Unreported passed=0 failed=0 skipped=0]</td></tr>
<tr>
<td title='com.twelvetwenty.suite.nace_reports.Seeking_or_Unreported.test_Seeking_or_Unreported()'><b>test_Seeking_or_Unreported</b><br>Test class: com.twelvetwenty.suite.nace_reports.Seeking_or_Unreported<br>Parameters: {Description=Validating mba standard report, Automation_Id=Auto_Data_NACE7_8, sDegreeLevel=All, MethodType=T1_TH1_TCN, Runmode=Y, sProgram=NA, sSchoolName=Fordham_Centralized, sSub_Report_Name=Seeking or Unreported, DataFileName=Auto_Data_NACE7_8, iWait=2, sGraduationTerm=Full Academic Year, iGraduationYr=2013, sReportingMajor=2, sCollege=All}<br/>
<a href="#Output-12974013" onClick='toggleBox("Output-12974013", this, "Show output", "Hide output");'>Show output</a>

<a href="#Output-12974013" onClick="toggleAllBoxes();">Show all outputs</a>
<div class='log' id="Output-12974013">
STEP547<br/>
STEP548<br/>
STEP549<br/>
STEP550<br/>
STEP551<br/>
STEP552<br/>
STEP553<br/>
STEP554<br/>
STEP555<br/>
STEP556<br/>
STEP557<br/>
STEP558<br/>
STEP559<br/>
STEP560<br/>
</div>
</td>
<td></td>
<td>104</td>
<td>[Seeking_or_Unreported passed=0 failed=0 skipped=0]</td></tr>
<tr>
<td title='com.twelvetwenty.suite.nace_reports.Seeking_or_Unreported.test_Seeking_or_Unreported()'><b>test_Seeking_or_Unreported</b><br>Test class: com.twelvetwenty.suite.nace_reports.Seeking_or_Unreported<br>Parameters: {Description=Validating mba standard report, Automation_Id=Auto_Data_NACE7_9, sDegreeLevel=All, MethodType=T1_TH1_TCN, Runmode=Y, sProgram=All, sSchoolName=Columbia_Centralized, sSub_Report_Name=Seeking or Unreported, DataFileName=Auto_Data_NACE7_9, iWait=2, sGraduationTerm=Full Academic Year, iGraduationYr=2014, sReportingMajor=2, sCollege=All}<br/>
<a href="#Output-24914402" onClick='toggleBox("Output-24914402", this, "Show output", "Hide output");'>Show output</a>

<a href="#Output-24914402" onClick="toggleAllBoxes();">Show all outputs</a>
<div class='log' id="Output-24914402">
STEP561<br/>
STEP562<br/>
STEP563<br/>
STEP564<br/>
STEP565<br/>
STEP566<br/>
STEP567<br/>
STEP568<br/>
STEP569<br/>
STEP570<br/>
STEP571<br/>
STEP572<br/>
STEP573<br/>
STEP574<br/>
</div>
</td>
<td></td>
<td>189</td>
<td>[Seeking_or_Unreported passed=0 failed=0 skipped=0]</td></tr>
<tr>
<td title='com.twelvetwenty.suite.nace_reports.Seeking_or_Unreported.test_Seeking_or_Unreported()'><b>test_Seeking_or_Unreported</b><br>Test class: com.twelvetwenty.suite.nace_reports.Seeking_or_Unreported<br>Parameters: {Description=Validating mba standard report, Automation_Id=Auto_Data_NACE7_10, sDegreeLevel=All, MethodType=T1_TH1_TCN, Runmode=Y, sProgram=Business, sSchoolName=Columbia_Centralized, sSub_Report_Name=Seeking or Unreported, DataFileName=Auto_Data_NACE7_10, iWait=2, sGraduationTerm=Full Academic Year, iGraduationYr=2014, sReportingMajor=2, sCollege=All}<br/>
<a href="#Output-8864037" onClick='toggleBox("Output-8864037", this, "Show output", "Hide output");'>Show output</a>

<a href="#Output-8864037" onClick="toggleAllBoxes();">Show all outputs</a>
<div class='log' id="Output-8864037">
STEP575<br/>
STEP576<br/>
STEP577<br/>
STEP578<br/>
STEP579<br/>
STEP580<br/>
STEP581<br/>
STEP582<br/>
STEP583<br/>
STEP584<br/>
STEP585<br/>
STEP586<br/>
STEP587<br/>
STEP588<br/>
</div>
</td>
<td></td>
<td>178</td>
<td>[Seeking_or_Unreported passed=0 failed=0 skipped=0]</td></tr>
<tr>
<td title='com.twelvetwenty.suite.nace_reports.Service_Organization.test_Service_Organization()'><b>test_Service_Organization</b><br>Test class: com.twelvetwenty.suite.nace_reports.Service_Organization<br>Parameters: {Description=Validating mba standard report, Automation_Id=Auto_Data_NACE4_1, sDegreeLevel=All, MethodType=T1_TH1_TCN, Runmode=Y, sProgram=, sSchoolName=Fordham_Centralized, sSub_Report_Name=Service Organization, DataFileName=Auto_Data_NACE4_1, iWait=2, sGraduationTerm=Full Academic Year, iGraduationYr=2014, sReportingMajor=2, sCollege=All}<br/>
<a href="#Output-2015965" onClick='toggleBox("Output-2015965", this, "Show output", "Hide output");'>Show output</a>

<a href="#Output-2015965" onClick="toggleAllBoxes();">Show all outputs</a>
<div class='log' id="Output-2015965">
STEP589<br/>
STEP590<br/>
STEP591<br/>
STEP592<br/>
STEP593<br/>
STEP594<br/>
STEP595<br/>
STEP596<br/>
STEP597<br/>
STEP598<br/>
STEP599<br/>
STEP600<br/>
STEP601<br/>
STEP602<br/>
</div>
</td>
<td></td>
<td>105</td>
<td>[Service_Organization passed=0 failed=0 skipped=0]</td></tr>
<tr>
<td title='com.twelvetwenty.suite.nace_reports.Service_Organization.test_Service_Organization()'><b>test_Service_Organization</b><br>Test class: com.twelvetwenty.suite.nace_reports.Service_Organization<br>Parameters: {Description=Validating mba standard report, Automation_Id=Auto_Data_NACE4_3, sDegreeLevel=Bachelor's, MethodType=T1_TH1_TCN, Runmode=Y, sProgram=, sSchoolName=Fordham_Centralized, sSub_Report_Name=Service Organization, DataFileName=Auto_Data_NACE4_3, iWait=2, sGraduationTerm=Full Academic Year, iGraduationYr=2014, sReportingMajor=2, sCollege=All}<br/>
<a href="#Output-19694543" onClick='toggleBox("Output-19694543", this, "Show output", "Hide output");'>Show output</a>

<a href="#Output-19694543" onClick="toggleAllBoxes();">Show all outputs</a>
<div class='log' id="Output-19694543">
STEP621<br/>
STEP622<br/>
STEP623<br/>
STEP624<br/>
STEP625<br/>
STEP626<br/>
STEP627<br/>
STEP628<br/>
STEP629<br/>
STEP630<br/>
STEP631<br/>
STEP632<br/>
STEP633<br/>
STEP634<br/>
</div>
</td>
<td></td>
<td>88</td>
<td>[Service_Organization passed=0 failed=0 skipped=0]</td></tr>
<tr>
<td title='com.twelvetwenty.suite.nace_reports.Service_Organization.test_Service_Organization()'><b>test_Service_Organization</b><br>Test class: com.twelvetwenty.suite.nace_reports.Service_Organization<br>Parameters: {Description=Validating mba standard report, Automation_Id=Auto_Data_NACE4_4, sDegreeLevel=Master's, MethodType=T1_TH1_TCN, Runmode=Y, sProgram=, sSchoolName=Fordham_Centralized, sSub_Report_Name=Service Organization, DataFileName=Auto_Data_NACE4_4, iWait=2, sGraduationTerm=Full Academic Year, iGraduationYr=2014, sReportingMajor=2, sCollege=All}<br/>
<a href="#Output-31284764" onClick='toggleBox("Output-31284764", this, "Show output", "Hide output");'>Show output</a>

<a href="#Output-31284764" onClick="toggleAllBoxes();">Show all outputs</a>
<div class='log' id="Output-31284764">
STEP635<br/>
STEP636<br/>
STEP637<br/>
STEP638<br/>
STEP639<br/>
STEP640<br/>
STEP641<br/>
STEP642<br/>
STEP643<br/>
STEP644<br/>
STEP645<br/>
STEP646<br/>
STEP647<br/>
STEP648<br/>
</div>
</td>
<td></td>
<td>93</td>
<td>[Service_Organization passed=0 failed=0 skipped=0]</td></tr>
<tr>
<td title='com.twelvetwenty.suite.nace_reports.Service_Organization.test_Service_Organization()'><b>test_Service_Organization</b><br>Test class: com.twelvetwenty.suite.nace_reports.Service_Organization<br>Parameters: {Description=Validating mba standard report, Automation_Id=Auto_Data_NACE4_5, sDegreeLevel=All, MethodType=T1_TH1_TCN, Runmode=Y, sProgram=, sSchoolName=Fordham_Centralized, sSub_Report_Name=Service Organization, DataFileName=Auto_Data_NACE4_5, iWait=2, sGraduationTerm=Full Academic Year, iGraduationYr=2014, sReportingMajor=1, sCollege=All}<br/>
<a href="#Output-614580" onClick='toggleBox("Output-614580", this, "Show output", "Hide output");'>Show output</a>

<a href="#Output-614580" onClick="toggleAllBoxes();">Show all outputs</a>
<div class='log' id="Output-614580">
STEP649<br/>
STEP650<br/>
STEP651<br/>
STEP652<br/>
STEP653<br/>
STEP654<br/>
STEP655<br/>
STEP656<br/>
STEP657<br/>
STEP658<br/>
STEP659<br/>
STEP660<br/>
STEP661<br/>
STEP662<br/>
</div>
</td>
<td></td>
<td>125</td>
<td>[Service_Organization passed=0 failed=0 skipped=0]</td></tr>
<tr>
<td title='com.twelvetwenty.suite.nace_reports.Service_Organization.test_Service_Organization()'><b>test_Service_Organization</b><br>Test class: com.twelvetwenty.suite.nace_reports.Service_Organization<br>Parameters: {Description=Validating mba standard report, Automation_Id=Auto_Data_NACE4_7, sDegreeLevel=All, MethodType=T1_TH1_TCN, Runmode=Y, sProgram=, sSchoolName=Fordham_Centralized, sSub_Report_Name=Service Organization, DataFileName=Auto_Data_NACE4_7, iWait=2, sGraduationTerm=Spring 2014, iGraduationYr=2014, sReportingMajor=2, sCollege=All}<br/>
<a href="#Output-9211764" onClick='toggleBox("Output-9211764", this, "Show output", "Hide output");'>Show output</a>

<a href="#Output-9211764" onClick="toggleAllBoxes();">Show all outputs</a>
<div class='log' id="Output-9211764">
STEP680<br/>
STEP681<br/>
STEP682<br/>
STEP683<br/>
STEP684<br/>
STEP685<br/>
STEP686<br/>
STEP687<br/>
STEP688<br/>
STEP689<br/>
STEP690<br/>
STEP691<br/>
STEP692<br/>
STEP693<br/>
</div>
</td>
<td></td>
<td>114</td>
<td>[Service_Organization passed=0 failed=0 skipped=0]</td></tr>
<tr>
<td title='com.twelvetwenty.suite.nace_reports.Service_Organization.test_Service_Organization()'><b>test_Service_Organization</b><br>Test class: com.twelvetwenty.suite.nace_reports.Service_Organization<br>Parameters: {Description=Validating mba standard report, Automation_Id=Auto_Data_NACE4_8, sDegreeLevel=All, MethodType=T1_TH1_TCN, Runmode=Y, sProgram=, sSchoolName=Fordham_Centralized, sSub_Report_Name=Service Organization, DataFileName=Auto_Data_NACE4_8, iWait=2, sGraduationTerm=Full Academic Year, iGraduationYr=2013, sReportingMajor=2, sCollege=All}<br/>
<a href="#Output-22024712" onClick='toggleBox("Output-22024712", this, "Show output", "Hide output");'>Show output</a>

<a href="#Output-22024712" onClick="toggleAllBoxes();">Show all outputs</a>
<div class='log' id="Output-22024712">
STEP694<br/>
STEP695<br/>
STEP696<br/>
STEP697<br/>
STEP698<br/>
STEP699<br/>
STEP700<br/>
STEP701<br/>
STEP702<br/>
STEP703<br/>
STEP704<br/>
STEP705<br/>
STEP706<br/>
STEP707<br/>
</div>
</td>
<td></td>
<td>132</td>
<td>[Service_Organization passed=0 failed=0 skipped=0]</td></tr>
<tr>
<td title='com.twelvetwenty.suite.nace_reports.Service_Organization.test_Service_Organization()'><b>test_Service_Organization</b><br>Test class: com.twelvetwenty.suite.nace_reports.Service_Organization<br>Parameters: {Description=Validating mba standard report, Automation_Id=Auto_Data_NACE4_9, sDegreeLevel=All, MethodType=T1_TH1_TCN, Runmode=Y, sProgram=All, sSchoolName=Columbia_Centralized, sSub_Report_Name=Service Organization, DataFileName=Auto_Data_NACE4_9, iWait=2, sGraduationTerm=Full Academic Year, iGraduationYr=2014, sReportingMajor=2, sCollege=All}<br/>
<a href="#Output-7189270" onClick='toggleBox("Output-7189270", this, "Show output", "Hide output");'>Show output</a>

<a href="#Output-7189270" onClick="toggleAllBoxes();">Show all outputs</a>
<div class='log' id="Output-7189270">
STEP708<br/>
STEP709<br/>
STEP710<br/>
STEP711<br/>
STEP712<br/>
STEP713<br/>
STEP714<br/>
STEP715<br/>
STEP716<br/>
STEP717<br/>
STEP718<br/>
STEP719<br/>
STEP720<br/>
STEP721<br/>
</div>
</td>
<td></td>
<td>177</td>
<td>[Service_Organization passed=0 failed=0 skipped=0]</td></tr>
<tr>
<td title='com.twelvetwenty.suite.nace_reports.Service_Organization.test_Service_Organization()'><b>test_Service_Organization</b><br>Test class: com.twelvetwenty.suite.nace_reports.Service_Organization<br>Parameters: {Description=Validating mba standard report, Automation_Id=Auto_Data_NACE4_10, sDegreeLevel=All, MethodType=T1_TH1_TCN, Runmode=Y, sProgram=Business, sSchoolName=Columbia_Centralized, sSub_Report_Name=Service Organization, DataFileName=Auto_Data_NACE4_10, iWait=2, sGraduationTerm=Full Academic Year, iGraduationYr=2014, sReportingMajor=2, sCollege=All}<br/>
<a href="#Output-6388685" onClick='toggleBox("Output-6388685", this, "Show output", "Hide output");'>Show output</a>

<a href="#Output-6388685" onClick="toggleAllBoxes();">Show all outputs</a>
<div class='log' id="Output-6388685">
STEP722<br/>
STEP723<br/>
STEP724<br/>
STEP725<br/>
STEP726<br/>
STEP727<br/>
STEP728<br/>
STEP729<br/>
STEP730<br/>
STEP731<br/>
STEP732<br/>
STEP733<br/>
STEP734<br/>
STEP735<br/>
</div>
</td>
<td></td>
<td>191</td>
<td>[Service_Organization passed=0 failed=0 skipped=0]</td></tr>
<tr>
<td title='com.twelvetwenty.suite.nace_reports.Summary.test_Summary()'><b>test_Summary</b><br>Test class: com.twelvetwenty.suite.nace_reports.Summary<br>Parameters: {Description=Validating mba standard report, Automation_Id=Auto_Data_NACE1_1, sDegreeLevel=All, sDepartment=, MethodType=T1_TH1_TCN, Runmode=Y, sSchoolName=Fordham_Centralized, sSub_Report_Name=Summary, DataFileName=Auto_Data_NACE1_1, iWait=2, sGraduationTerm=Full Academic Year, iGraduationYr=2014, sReportingMajor=2, sCollege=All}<br/>
<a href="#Output-4694676" onClick='toggleBox("Output-4694676", this, "Show output", "Hide output");'>Show output</a>

<a href="#Output-4694676" onClick="toggleAllBoxes();">Show all outputs</a>
<div class='log' id="Output-4694676">
STEP736<br/>
STEP737<br/>
STEP738<br/>
STEP739<br/>
STEP740<br/>
STEP741<br/>
STEP742<br/>
STEP743<br/>
STEP744<br/>
STEP745<br/>
STEP746<br/>
STEP747<br/>
STEP748<br/>
STEP749<br/>
</div>
</td>
<td></td>
<td>277</td>
<td>[Summary passed=0 failed=0 skipped=0]</td></tr>
<tr>
<td title='com.twelvetwenty.suite.nace_reports.Summary.test_Summary()'><b>test_Summary</b><br>Test class: com.twelvetwenty.suite.nace_reports.Summary<br>Parameters: {Description=Validating mba standard report, Automation_Id=Auto_Data_NACE1_9, sDegreeLevel=All, sDepartment=All, MethodType=T1_TH1_TCN, Runmode=Y, sSchoolName=Columbia_Centralized, sSub_Report_Name=Summary, DataFileName=Auto_Data_NACE1_9, iWait=2, sGraduationTerm=Full Academic Year, iGraduationYr=2014, sReportingMajor=2, sCollege=All}<br/>
<a href="#Output-32663685" onClick='toggleBox("Output-32663685", this, "Show output", "Hide output");'>Show output</a>

<a href="#Output-32663685" onClick="toggleAllBoxes();">Show all outputs</a>
<div class='log' id="Output-32663685">
STEP750<br/>
STEP751<br/>
STEP752<br/>
STEP753<br/>
STEP754<br/>
STEP755<br/>
STEP756<br/>
STEP757<br/>
STEP758<br/>
STEP759<br/>
STEP760<br/>
STEP761<br/>
STEP762<br/>
STEP763<br/>
</div>
</td>
<td></td>
<td>828</td>
<td>[Summary passed=0 failed=0 skipped=0]</td></tr>
<tr>
<td title='com.twelvetwenty.suite.nace_reports.Summary.test_Summary()'><b>test_Summary</b><br>Test class: com.twelvetwenty.suite.nace_reports.Summary<br>Parameters: {Description=Validating mba standard report, Automation_Id=Auto_Data_NACE1_10, sDegreeLevel=All, sDepartment=Business, MethodType=T1_TH1_TCN, Runmode=Y, sSchoolName=Columbia_Centralized, sSub_Report_Name=Summary, DataFileName=Auto_Data_NACE1_10, iWait=2, sGraduationTerm=Full Academic Year, iGraduationYr=2014, sReportingMajor=2, sCollege=All}<br/>
<a href="#Output-10368574" onClick='toggleBox("Output-10368574", this, "Show output", "Hide output");'>Show output</a>

<a href="#Output-10368574" onClick="toggleAllBoxes();">Show all outputs</a>
<div class='log' id="Output-10368574">
STEP764<br/>
STEP765<br/>
STEP766<br/>
STEP767<br/>
STEP768<br/>
STEP769<br/>
STEP770<br/>
STEP771<br/>
STEP772<br/>
STEP773<br/>
STEP774<br/>
STEP775<br/>
STEP776<br/>
STEP777<br/>
</div>
</td>
<td></td>
<td>864</td>
<td>[Summary passed=0 failed=0 skipped=0]</td></tr>
</table><p>
<table width='100%' border='1' class='invocation-skipped'>
<tr><td colspan='4' align='center'><b>SKIPPED TESTS</b></td></tr>
<tr><td><b>Test method</b></td>
<td width="30%"><b>Exception</b></td>
<td width="10%"><b>Time (seconds)</b></td>
<td><b>Instance</b></td>
</tr>
<tr>
<td title='com.twelvetwenty.suite.nace_reports.Military_Service.test_Military_Service()'><b>test_Military_Service</b><br>Test class: com.twelvetwenty.suite.nace_reports.Military_Service<br>Parameters: {Description=Validating mba standard report, Automation_Id=Auto_Data_NACE5_2, sDegreeLevel=Associate, MethodType=T1_TH1_TCN, Runmode=N, sProgram=, sSchoolName=Fordham_Centralized, sSub_Report_Name=Military Service, DataFileName=Auto_Data_NACE5_2, iWait=2, sGraduationTerm=Full Academic Year, iGraduationYr=2014, sReportingMajor=2, sCollege=All}</td>
<td><div><pre>org.testng.SkipException: Data value run mode is set to N
	at com.twelvetwenty.util.ExcelTestUtil.checkSkiptests(ExcelTestUtil.java:203)
	at com.twelvetwenty.suite.nace_reports.Military_Service.test_Military_Service(Military_Service.java:39)
... Removed 24 stack frames</pre></div><a href='#' onClick='toggleBox("stack-trace9586553", this, "Click to show all stack frames", "Click to hide stack frames")'>Click to show all stack frames</a>
<div class='stack-trace' id='stack-trace9586553'><pre>org.testng.SkipException: Data value run mode is set to N
	at com.twelvetwenty.util.ExcelTestUtil.checkSkiptests(ExcelTestUtil.java:203)
	at com.twelvetwenty.suite.nace_reports.Military_Service.test_Military_Service(Military_Service.java:39)
	at sun.reflect.NativeMethodAccessorImpl.invoke0(Native Method)
	at sun.reflect.NativeMethodAccessorImpl.invoke(Unknown Source)
	at sun.reflect.DelegatingMethodAccessorImpl.invoke(Unknown Source)
	at java.lang.reflect.Method.invoke(Unknown Source)
	at org.testng.internal.MethodInvocationHelper.invokeMethod(MethodInvocationHelper.java:84)
	at org.testng.internal.Invoker.invokeMethod(Invoker.java:714)
	at org.testng.internal.Invoker.invokeTestMethod(Invoker.java:901)
	at org.testng.internal.Invoker.invokeTestMethods(Invoker.java:1231)
	at org.testng.internal.TestMethodWorker.invokeTestMethods(TestMethodWorker.java:127)
	at org.testng.internal.TestMethodWorker.run(TestMethodWorker.java:111)
	at org.testng.TestRunner.privateRun(TestRunner.java:767)
	at org.testng.TestRunner.run(TestRunner.java:617)
	at org.testng.SuiteRunner.runTest(SuiteRunner.java:334)
	at org.testng.SuiteRunner.runSequentially(SuiteRunner.java:329)
	at org.testng.SuiteRunner.privateRun(SuiteRunner.java:291)
	at org.testng.SuiteRunner.run(SuiteRunner.java:240)
	at org.testng.SuiteRunnerWorker.runSuite(SuiteRunnerWorker.java:52)
	at org.testng.SuiteRunnerWorker.run(SuiteRunnerWorker.java:86)
	at org.testng.TestNG.runSuitesSequentially(TestNG.java:1224)
	at org.testng.TestNG.runSuitesLocally(TestNG.java:1149)
	at org.testng.TestNG.run(TestNG.java:1057)
	at org.testng.remote.RemoteTestNG.run(RemoteTestNG.java:111)
	at org.testng.remote.RemoteTestNG.initAndRun(RemoteTestNG.java:204)
	at org.testng.remote.RemoteTestNG.main(RemoteTestNG.java:175)
</pre></div></td>
<td>0</td>
<td>[Military_Service passed=0 failed=0 skipped=0]</td></tr>
<tr>
<td title='com.twelvetwenty.suite.nace_reports.Military_Service.test_Military_Service()'><b>test_Military_Service</b><br>Test class: com.twelvetwenty.suite.nace_reports.Military_Service<br>Parameters: {Description=Validating mba standard report, Automation_Id=Auto_Data_NACE5_3, sDegreeLevel=Bachelor's, MethodType=T1_TH1_TCN, Runmode=N, sProgram=, sSchoolName=Fordham_Centralized, sSub_Report_Name=Military Service, DataFileName=Auto_Data_NACE5_3, iWait=2, sGraduationTerm=Full Academic Year, iGraduationYr=2014, sReportingMajor=2, sCollege=All}</td>
<td><div><pre>org.testng.SkipException: Data value run mode is set to N
	at com.twelvetwenty.util.ExcelTestUtil.checkSkiptests(ExcelTestUtil.java:203)
	at com.twelvetwenty.suite.nace_reports.Military_Service.test_Military_Service(Military_Service.java:39)
... Removed 24 stack frames</pre></div><a href='#' onClick='toggleBox("stack-trace18941583", this, "Click to show all stack frames", "Click to hide stack frames")'>Click to show all stack frames</a>
<div class='stack-trace' id='stack-trace18941583'><pre>org.testng.SkipException: Data value run mode is set to N
	at com.twelvetwenty.util.ExcelTestUtil.checkSkiptests(ExcelTestUtil.java:203)
	at com.twelvetwenty.suite.nace_reports.Military_Service.test_Military_Service(Military_Service.java:39)
	at sun.reflect.NativeMethodAccessorImpl.invoke0(Native Method)
	at sun.reflect.NativeMethodAccessorImpl.invoke(Unknown Source)
	at sun.reflect.DelegatingMethodAccessorImpl.invoke(Unknown Source)
	at java.lang.reflect.Method.invoke(Unknown Source)
	at org.testng.internal.MethodInvocationHelper.invokeMethod(MethodInvocationHelper.java:84)
	at org.testng.internal.Invoker.invokeMethod(Invoker.java:714)
	at org.testng.internal.Invoker.invokeTestMethod(Invoker.java:901)
	at org.testng.internal.Invoker.invokeTestMethods(Invoker.java:1231)
	at org.testng.internal.TestMethodWorker.invokeTestMethods(TestMethodWorker.java:127)
	at org.testng.internal.TestMethodWorker.run(TestMethodWorker.java:111)
	at org.testng.TestRunner.privateRun(TestRunner.java:767)
	at org.testng.TestRunner.run(TestRunner.java:617)
	at org.testng.SuiteRunner.runTest(SuiteRunner.java:334)
	at org.testng.SuiteRunner.runSequentially(SuiteRunner.java:329)
	at org.testng.SuiteRunner.privateRun(SuiteRunner.java:291)
	at org.testng.SuiteRunner.run(SuiteRunner.java:240)
	at org.testng.SuiteRunnerWorker.runSuite(SuiteRunnerWorker.java:52)
	at org.testng.SuiteRunnerWorker.run(SuiteRunnerWorker.java:86)
	at org.testng.TestNG.runSuitesSequentially(TestNG.java:1224)
	at org.testng.TestNG.runSuitesLocally(TestNG.java:1149)
	at org.testng.TestNG.run(TestNG.java:1057)
	at org.testng.remote.RemoteTestNG.run(RemoteTestNG.java:111)
	at org.testng.remote.RemoteTestNG.initAndRun(RemoteTestNG.java:204)
	at org.testng.remote.RemoteTestNG.main(RemoteTestNG.java:175)
</pre></div></td>
<td>1</td>
<td>[Military_Service passed=0 failed=0 skipped=0]</td></tr>
<tr>
<td title='com.twelvetwenty.suite.nace_reports.Military_Service.test_Military_Service()'><b>test_Military_Service</b><br>Test class: com.twelvetwenty.suite.nace_reports.Military_Service<br>Parameters: {Description=Validating mba standard report, Automation_Id=Auto_Data_NACE5_4, sDegreeLevel=Master's, MethodType=T1_TH1_TCN, Runmode=N, sProgram=, sSchoolName=Fordham_Centralized, sSub_Report_Name=Military Service, DataFileName=Auto_Data_NACE5_4, iWait=2, sGraduationTerm=Full Academic Year, iGraduationYr=2014, sReportingMajor=2, sCollege=All}</td>
<td><div><pre>org.testng.SkipException: Data value run mode is set to N
	at com.twelvetwenty.util.ExcelTestUtil.checkSkiptests(ExcelTestUtil.java:203)
	at com.twelvetwenty.suite.nace_reports.Military_Service.test_Military_Service(Military_Service.java:39)
... Removed 24 stack frames</pre></div><a href='#' onClick='toggleBox("stack-trace4613125", this, "Click to show all stack frames", "Click to hide stack frames")'>Click to show all stack frames</a>
<div class='stack-trace' id='stack-trace4613125'><pre>org.testng.SkipException: Data value run mode is set to N
	at com.twelvetwenty.util.ExcelTestUtil.checkSkiptests(ExcelTestUtil.java:203)
	at com.twelvetwenty.suite.nace_reports.Military_Service.test_Military_Service(Military_Service.java:39)
	at sun.reflect.NativeMethodAccessorImpl.invoke0(Native Method)
	at sun.reflect.NativeMethodAccessorImpl.invoke(Unknown Source)
	at sun.reflect.DelegatingMethodAccessorImpl.invoke(Unknown Source)
	at java.lang.reflect.Method.invoke(Unknown Source)
	at org.testng.internal.MethodInvocationHelper.invokeMethod(MethodInvocationHelper.java:84)
	at org.testng.internal.Invoker.invokeMethod(Invoker.java:714)
	at org.testng.internal.Invoker.invokeTestMethod(Invoker.java:901)
	at org.testng.internal.Invoker.invokeTestMethods(Invoker.java:1231)
	at org.testng.internal.TestMethodWorker.invokeTestMethods(TestMethodWorker.java:127)
	at org.testng.internal.TestMethodWorker.run(TestMethodWorker.java:111)
	at org.testng.TestRunner.privateRun(TestRunner.java:767)
	at org.testng.TestRunner.run(TestRunner.java:617)
	at org.testng.SuiteRunner.runTest(SuiteRunner.java:334)
	at org.testng.SuiteRunner.runSequentially(SuiteRunner.java:329)
	at org.testng.SuiteRunner.privateRun(SuiteRunner.java:291)
	at org.testng.SuiteRunner.run(SuiteRunner.java:240)
	at org.testng.SuiteRunnerWorker.runSuite(SuiteRunnerWorker.java:52)
	at org.testng.SuiteRunnerWorker.run(SuiteRunnerWorker.java:86)
	at org.testng.TestNG.runSuitesSequentially(TestNG.java:1224)
	at org.testng.TestNG.runSuitesLocally(TestNG.java:1149)
	at org.testng.TestNG.run(TestNG.java:1057)
	at org.testng.remote.RemoteTestNG.run(RemoteTestNG.java:111)
	at org.testng.remote.RemoteTestNG.initAndRun(RemoteTestNG.java:204)
	at org.testng.remote.RemoteTestNG.main(RemoteTestNG.java:175)
</pre></div></td>
<td>1</td>
<td>[Military_Service passed=0 failed=0 skipped=0]</td></tr>
<tr>
<td title='com.twelvetwenty.suite.nace_reports.Military_Service.test_Military_Service()'><b>test_Military_Service</b><br>Test class: com.twelvetwenty.suite.nace_reports.Military_Service<br>Parameters: {Description=Validating mba standard report, Automation_Id=Auto_Data_NACE5_5, sDegreeLevel=All, MethodType=T1_TH1_TCN, Runmode=N, sProgram=, sSchoolName=Fordham_Centralized, sSub_Report_Name=Military Service, DataFileName=Auto_Data_NACE5_5, iWait=2, sGraduationTerm=Full Academic Year, iGraduationYr=2014, sReportingMajor=1, sCollege=All}</td>
<td><div><pre>org.testng.SkipException: Data value run mode is set to N
	at com.twelvetwenty.util.ExcelTestUtil.checkSkiptests(ExcelTestUtil.java:203)
	at com.twelvetwenty.suite.nace_reports.Military_Service.test_Military_Service(Military_Service.java:39)
... Removed 24 stack frames</pre></div><a href='#' onClick='toggleBox("stack-trace23798628", this, "Click to show all stack frames", "Click to hide stack frames")'>Click to show all stack frames</a>
<div class='stack-trace' id='stack-trace23798628'><pre>org.testng.SkipException: Data value run mode is set to N
	at com.twelvetwenty.util.ExcelTestUtil.checkSkiptests(ExcelTestUtil.java:203)
	at com.twelvetwenty.suite.nace_reports.Military_Service.test_Military_Service(Military_Service.java:39)
	at sun.reflect.NativeMethodAccessorImpl.invoke0(Native Method)
	at sun.reflect.NativeMethodAccessorImpl.invoke(Unknown Source)
	at sun.reflect.DelegatingMethodAccessorImpl.invoke(Unknown Source)
	at java.lang.reflect.Method.invoke(Unknown Source)
	at org.testng.internal.MethodInvocationHelper.invokeMethod(MethodInvocationHelper.java:84)
	at org.testng.internal.Invoker.invokeMethod(Invoker.java:714)
	at org.testng.internal.Invoker.invokeTestMethod(Invoker.java:901)
	at org.testng.internal.Invoker.invokeTestMethods(Invoker.java:1231)
	at org.testng.internal.TestMethodWorker.invokeTestMethods(TestMethodWorker.java:127)
	at org.testng.internal.TestMethodWorker.run(TestMethodWorker.java:111)
	at org.testng.TestRunner.privateRun(TestRunner.java:767)
	at org.testng.TestRunner.run(TestRunner.java:617)
	at org.testng.SuiteRunner.runTest(SuiteRunner.java:334)
	at org.testng.SuiteRunner.runSequentially(SuiteRunner.java:329)
	at org.testng.SuiteRunner.privateRun(SuiteRunner.java:291)
	at org.testng.SuiteRunner.run(SuiteRunner.java:240)
	at org.testng.SuiteRunnerWorker.runSuite(SuiteRunnerWorker.java:52)
	at org.testng.SuiteRunnerWorker.run(SuiteRunnerWorker.java:86)
	at org.testng.TestNG.runSuitesSequentially(TestNG.java:1224)
	at org.testng.TestNG.runSuitesLocally(TestNG.java:1149)
	at org.testng.TestNG.run(TestNG.java:1057)
	at org.testng.remote.RemoteTestNG.run(RemoteTestNG.java:111)
	at org.testng.remote.RemoteTestNG.initAndRun(RemoteTestNG.java:204)
	at org.testng.remote.RemoteTestNG.main(RemoteTestNG.java:175)
</pre></div></td>
<td>1</td>
<td>[Military_Service passed=0 failed=0 skipped=0]</td></tr>
<tr>
<td title='com.twelvetwenty.suite.nace_reports.Military_Service.test_Military_Service()'><b>test_Military_Service</b><br>Test class: com.twelvetwenty.suite.nace_reports.Military_Service<br>Parameters: {Description=Validating mba standard report, Automation_Id=Auto_Data_NACE5_6, sDegreeLevel=All, MethodType=T1_TH1_TCN, Runmode=N, sProgram=, sSchoolName=Fordham_Centralized, sSub_Report_Name=Military Service, DataFileName=Auto_Data_NACE5_6, iWait=2, sGraduationTerm=Full Academic Year, iGraduationYr=2014, sReportingMajor=2, sCollege=FC AT ROSE HILL}</td>
<td><div><pre>org.testng.SkipException: Data value run mode is set to N
	at com.twelvetwenty.util.ExcelTestUtil.checkSkiptests(ExcelTestUtil.java:203)
	at com.twelvetwenty.suite.nace_reports.Military_Service.test_Military_Service(Military_Service.java:39)
... Removed 24 stack frames</pre></div><a href='#' onClick='toggleBox("stack-trace17129368", this, "Click to show all stack frames", "Click to hide stack frames")'>Click to show all stack frames</a>
<div class='stack-trace' id='stack-trace17129368'><pre>org.testng.SkipException: Data value run mode is set to N
	at com.twelvetwenty.util.ExcelTestUtil.checkSkiptests(ExcelTestUtil.java:203)
	at com.twelvetwenty.suite.nace_reports.Military_Service.test_Military_Service(Military_Service.java:39)
	at sun.reflect.NativeMethodAccessorImpl.invoke0(Native Method)
	at sun.reflect.NativeMethodAccessorImpl.invoke(Unknown Source)
	at sun.reflect.DelegatingMethodAccessorImpl.invoke(Unknown Source)
	at java.lang.reflect.Method.invoke(Unknown Source)
	at org.testng.internal.MethodInvocationHelper.invokeMethod(MethodInvocationHelper.java:84)
	at org.testng.internal.Invoker.invokeMethod(Invoker.java:714)
	at org.testng.internal.Invoker.invokeTestMethod(Invoker.java:901)
	at org.testng.internal.Invoker.invokeTestMethods(Invoker.java:1231)
	at org.testng.internal.TestMethodWorker.invokeTestMethods(TestMethodWorker.java:127)
	at org.testng.internal.TestMethodWorker.run(TestMethodWorker.java:111)
	at org.testng.TestRunner.privateRun(TestRunner.java:767)
	at org.testng.TestRunner.run(TestRunner.java:617)
	at org.testng.SuiteRunner.runTest(SuiteRunner.java:334)
	at org.testng.SuiteRunner.runSequentially(SuiteRunner.java:329)
	at org.testng.SuiteRunner.privateRun(SuiteRunner.java:291)
	at org.testng.SuiteRunner.run(SuiteRunner.java:240)
	at org.testng.SuiteRunnerWorker.runSuite(SuiteRunnerWorker.java:52)
	at org.testng.SuiteRunnerWorker.run(SuiteRunnerWorker.java:86)
	at org.testng.TestNG.runSuitesSequentially(TestNG.java:1224)
	at org.testng.TestNG.runSuitesLocally(TestNG.java:1149)
	at org.testng.TestNG.run(TestNG.java:1057)
	at org.testng.remote.RemoteTestNG.run(RemoteTestNG.java:111)
	at org.testng.remote.RemoteTestNG.initAndRun(RemoteTestNG.java:204)
	at org.testng.remote.RemoteTestNG.main(RemoteTestNG.java:175)
</pre></div></td>
<td>1</td>
<td>[Military_Service passed=0 failed=0 skipped=0]</td></tr>
<tr>
<td title='com.twelvetwenty.suite.nace_reports.Military_Service.test_Military_Service()'><b>test_Military_Service</b><br>Test class: com.twelvetwenty.suite.nace_reports.Military_Service<br>Parameters: {Description=Validating mba standard report, Automation_Id=Auto_Data_NACE5_7, sDegreeLevel=All, MethodType=T1_TH1_TCN, Runmode=N, sProgram=, sSchoolName=Fordham_Centralized, sSub_Report_Name=Military Service, DataFileName=Auto_Data_NACE5_7, iWait=2, sGraduationTerm=Spring 2014, iGraduationYr=2014, sReportingMajor=2, sCollege=All}</td>
<td><div><pre>org.testng.SkipException: Data value run mode is set to N
	at com.twelvetwenty.util.ExcelTestUtil.checkSkiptests(ExcelTestUtil.java:203)
	at com.twelvetwenty.suite.nace_reports.Military_Service.test_Military_Service(Military_Service.java:39)
... Removed 24 stack frames</pre></div><a href='#' onClick='toggleBox("stack-trace7762357", this, "Click to show all stack frames", "Click to hide stack frames")'>Click to show all stack frames</a>
<div class='stack-trace' id='stack-trace7762357'><pre>org.testng.SkipException: Data value run mode is set to N
	at com.twelvetwenty.util.ExcelTestUtil.checkSkiptests(ExcelTestUtil.java:203)
	at com.twelvetwenty.suite.nace_reports.Military_Service.test_Military_Service(Military_Service.java:39)
	at sun.reflect.NativeMethodAccessorImpl.invoke0(Native Method)
	at sun.reflect.NativeMethodAccessorImpl.invoke(Unknown Source)
	at sun.reflect.DelegatingMethodAccessorImpl.invoke(Unknown Source)
	at java.lang.reflect.Method.invoke(Unknown Source)
	at org.testng.internal.MethodInvocationHelper.invokeMethod(MethodInvocationHelper.java:84)
	at org.testng.internal.Invoker.invokeMethod(Invoker.java:714)
	at org.testng.internal.Invoker.invokeTestMethod(Invoker.java:901)
	at org.testng.internal.Invoker.invokeTestMethods(Invoker.java:1231)
	at org.testng.internal.TestMethodWorker.invokeTestMethods(TestMethodWorker.java:127)
	at org.testng.internal.TestMethodWorker.run(TestMethodWorker.java:111)
	at org.testng.TestRunner.privateRun(TestRunner.java:767)
	at org.testng.TestRunner.run(TestRunner.java:617)
	at org.testng.SuiteRunner.runTest(SuiteRunner.java:334)
	at org.testng.SuiteRunner.runSequentially(SuiteRunner.java:329)
	at org.testng.SuiteRunner.privateRun(SuiteRunner.java:291)
	at org.testng.SuiteRunner.run(SuiteRunner.java:240)
	at org.testng.SuiteRunnerWorker.runSuite(SuiteRunnerWorker.java:52)
	at org.testng.SuiteRunnerWorker.run(SuiteRunnerWorker.java:86)
	at org.testng.TestNG.runSuitesSequentially(TestNG.java:1224)
	at org.testng.TestNG.runSuitesLocally(TestNG.java:1149)
	at org.testng.TestNG.run(TestNG.java:1057)
	at org.testng.remote.RemoteTestNG.run(RemoteTestNG.java:111)
	at org.testng.remote.RemoteTestNG.initAndRun(RemoteTestNG.java:204)
	at org.testng.remote.RemoteTestNG.main(RemoteTestNG.java:175)
</pre></div></td>
<td>1</td>
<td>[Military_Service passed=0 failed=0 skipped=0]</td></tr>
<tr>
<td title='com.twelvetwenty.suite.nace_reports.Military_Service.test_Military_Service()'><b>test_Military_Service</b><br>Test class: com.twelvetwenty.suite.nace_reports.Military_Service<br>Parameters: {Description=Validating mba standard report, Automation_Id=Auto_Data_NACE5_8, sDegreeLevel=All, MethodType=T1_TH1_TCN, Runmode=N, sProgram=, sSchoolName=Fordham_Centralized, sSub_Report_Name=Military Service, DataFileName=Auto_Data_NACE5_8, iWait=2, sGraduationTerm=Full Academic Year, iGraduationYr=2013, sReportingMajor=2, sCollege=All}</td>
<td><div><pre>org.testng.SkipException: Data value run mode is set to N
	at com.twelvetwenty.util.ExcelTestUtil.checkSkiptests(ExcelTestUtil.java:203)
	at com.twelvetwenty.suite.nace_reports.Military_Service.test_Military_Service(Military_Service.java:39)
... Removed 24 stack frames</pre></div><a href='#' onClick='toggleBox("stack-trace10613801", this, "Click to show all stack frames", "Click to hide stack frames")'>Click to show all stack frames</a>
<div class='stack-trace' id='stack-trace10613801'><pre>org.testng.SkipException: Data value run mode is set to N
	at com.twelvetwenty.util.ExcelTestUtil.checkSkiptests(ExcelTestUtil.java:203)
	at com.twelvetwenty.suite.nace_reports.Military_Service.test_Military_Service(Military_Service.java:39)
	at sun.reflect.NativeMethodAccessorImpl.invoke0(Native Method)
	at sun.reflect.NativeMethodAccessorImpl.invoke(Unknown Source)
	at sun.reflect.DelegatingMethodAccessorImpl.invoke(Unknown Source)
	at java.lang.reflect.Method.invoke(Unknown Source)
	at org.testng.internal.MethodInvocationHelper.invokeMethod(MethodInvocationHelper.java:84)
	at org.testng.internal.Invoker.invokeMethod(Invoker.java:714)
	at org.testng.internal.Invoker.invokeTestMethod(Invoker.java:901)
	at org.testng.internal.Invoker.invokeTestMethods(Invoker.java:1231)
	at org.testng.internal.TestMethodWorker.invokeTestMethods(TestMethodWorker.java:127)
	at org.testng.internal.TestMethodWorker.run(TestMethodWorker.java:111)
	at org.testng.TestRunner.privateRun(TestRunner.java:767)
	at org.testng.TestRunner.run(TestRunner.java:617)
	at org.testng.SuiteRunner.runTest(SuiteRunner.java:334)
	at org.testng.SuiteRunner.runSequentially(SuiteRunner.java:329)
	at org.testng.SuiteRunner.privateRun(SuiteRunner.java:291)
	at org.testng.SuiteRunner.run(SuiteRunner.java:240)
	at org.testng.SuiteRunnerWorker.runSuite(SuiteRunnerWorker.java:52)
	at org.testng.SuiteRunnerWorker.run(SuiteRunnerWorker.java:86)
	at org.testng.TestNG.runSuitesSequentially(TestNG.java:1224)
	at org.testng.TestNG.runSuitesLocally(TestNG.java:1149)
	at org.testng.TestNG.run(TestNG.java:1057)
	at org.testng.remote.RemoteTestNG.run(RemoteTestNG.java:111)
	at org.testng.remote.RemoteTestNG.initAndRun(RemoteTestNG.java:204)
	at org.testng.remote.RemoteTestNG.main(RemoteTestNG.java:175)
</pre></div></td>
<td>1</td>
<td>[Military_Service passed=0 failed=0 skipped=0]</td></tr>
<tr>
<td title='com.twelvetwenty.suite.nace_reports.Military_Service.test_Military_Service()'><b>test_Military_Service</b><br>Test class: com.twelvetwenty.suite.nace_reports.Military_Service<br>Parameters: {Description=Validating mba standard report, Automation_Id=Auto_Data_NACE5_10, sDegreeLevel=All, MethodType=T1_TH1_TCN, Runmode=N, sProgram=Business, sSchoolName=Columbia_Centralized, sSub_Report_Name=Military Service, DataFileName=Auto_Data_NACE5_10, iWait=2, sGraduationTerm=Full Academic Year, iGraduationYr=2014, sReportingMajor=2, sCollege=All}</td>
<td><div><pre>org.testng.SkipException: Data value run mode is set to N
	at com.twelvetwenty.util.ExcelTestUtil.checkSkiptests(ExcelTestUtil.java:203)
	at com.twelvetwenty.suite.nace_reports.Military_Service.test_Military_Service(Military_Service.java:39)
... Removed 24 stack frames</pre></div><a href='#' onClick='toggleBox("stack-trace12496210", this, "Click to show all stack frames", "Click to hide stack frames")'>Click to show all stack frames</a>
<div class='stack-trace' id='stack-trace12496210'><pre>org.testng.SkipException: Data value run mode is set to N
	at com.twelvetwenty.util.ExcelTestUtil.checkSkiptests(ExcelTestUtil.java:203)
	at com.twelvetwenty.suite.nace_reports.Military_Service.test_Military_Service(Military_Service.java:39)
	at sun.reflect.NativeMethodAccessorImpl.invoke0(Native Method)
	at sun.reflect.NativeMethodAccessorImpl.invoke(Unknown Source)
	at sun.reflect.DelegatingMethodAccessorImpl.invoke(Unknown Source)
	at java.lang.reflect.Method.invoke(Unknown Source)
	at org.testng.internal.MethodInvocationHelper.invokeMethod(MethodInvocationHelper.java:84)
	at org.testng.internal.Invoker.invokeMethod(Invoker.java:714)
	at org.testng.internal.Invoker.invokeTestMethod(Invoker.java:901)
	at org.testng.internal.Invoker.invokeTestMethods(Invoker.java:1231)
	at org.testng.internal.TestMethodWorker.invokeTestMethods(TestMethodWorker.java:127)
	at org.testng.internal.TestMethodWorker.run(TestMethodWorker.java:111)
	at org.testng.TestRunner.privateRun(TestRunner.java:767)
	at org.testng.TestRunner.run(TestRunner.java:617)
	at org.testng.SuiteRunner.runTest(SuiteRunner.java:334)
	at org.testng.SuiteRunner.runSequentially(SuiteRunner.java:329)
	at org.testng.SuiteRunner.privateRun(SuiteRunner.java:291)
	at org.testng.SuiteRunner.run(SuiteRunner.java:240)
	at org.testng.SuiteRunnerWorker.runSuite(SuiteRunnerWorker.java:52)
	at org.testng.SuiteRunnerWorker.run(SuiteRunnerWorker.java:86)
	at org.testng.TestNG.runSuitesSequentially(TestNG.java:1224)
	at org.testng.TestNG.runSuitesLocally(TestNG.java:1149)
	at org.testng.TestNG.run(TestNG.java:1057)
	at org.testng.remote.RemoteTestNG.run(RemoteTestNG.java:111)
	at org.testng.remote.RemoteTestNG.initAndRun(RemoteTestNG.java:204)
	at org.testng.remote.RemoteTestNG.main(RemoteTestNG.java:175)
</pre></div></td>
<td>1</td>
<td>[Military_Service passed=0 failed=0 skipped=0]</td></tr>
<tr>
<td title='com.twelvetwenty.suite.nace_reports.Summary.test_Summary()'><b>test_Summary</b><br>Test class: com.twelvetwenty.suite.nace_reports.Summary<br>Parameters: {Description=Validating mba standard report, Automation_Id=Auto_Data_NACE1_2, sDegreeLevel=Associate, sDepartment=, MethodType=T1_TH1_TCN, Runmode=N, sSchoolName=Fordham_Centralized, sSub_Report_Name=Summary, DataFileName=Auto_Data_NACE1_2, iWait=2, sGraduationTerm=Full Academic Year, iGraduationYr=2014, sReportingMajor=2, sCollege=All}</td>
<td><div><pre>org.testng.SkipException: Data value run mode is set to N
	at com.twelvetwenty.util.ExcelTestUtil.checkSkiptests(ExcelTestUtil.java:203)
	at com.twelvetwenty.suite.nace_reports.Summary.test_Summary(Summary.java:37)
... Removed 24 stack frames</pre></div><a href='#' onClick='toggleBox("stack-trace521506", this, "Click to show all stack frames", "Click to hide stack frames")'>Click to show all stack frames</a>
<div class='stack-trace' id='stack-trace521506'><pre>org.testng.SkipException: Data value run mode is set to N
	at com.twelvetwenty.util.ExcelTestUtil.checkSkiptests(ExcelTestUtil.java:203)
	at com.twelvetwenty.suite.nace_reports.Summary.test_Summary(Summary.java:37)
	at sun.reflect.NativeMethodAccessorImpl.invoke0(Native Method)
	at sun.reflect.NativeMethodAccessorImpl.invoke(Unknown Source)
	at sun.reflect.DelegatingMethodAccessorImpl.invoke(Unknown Source)
	at java.lang.reflect.Method.invoke(Unknown Source)
	at org.testng.internal.MethodInvocationHelper.invokeMethod(MethodInvocationHelper.java:84)
	at org.testng.internal.Invoker.invokeMethod(Invoker.java:714)
	at org.testng.internal.Invoker.invokeTestMethod(Invoker.java:901)
	at org.testng.internal.Invoker.invokeTestMethods(Invoker.java:1231)
	at org.testng.internal.TestMethodWorker.invokeTestMethods(TestMethodWorker.java:127)
	at org.testng.internal.TestMethodWorker.run(TestMethodWorker.java:111)
	at org.testng.TestRunner.privateRun(TestRunner.java:767)
	at org.testng.TestRunner.run(TestRunner.java:617)
	at org.testng.SuiteRunner.runTest(SuiteRunner.java:334)
	at org.testng.SuiteRunner.runSequentially(SuiteRunner.java:329)
	at org.testng.SuiteRunner.privateRun(SuiteRunner.java:291)
	at org.testng.SuiteRunner.run(SuiteRunner.java:240)
	at org.testng.SuiteRunnerWorker.runSuite(SuiteRunnerWorker.java:52)
	at org.testng.SuiteRunnerWorker.run(SuiteRunnerWorker.java:86)
	at org.testng.TestNG.runSuitesSequentially(TestNG.java:1224)
	at org.testng.TestNG.runSuitesLocally(TestNG.java:1149)
	at org.testng.TestNG.run(TestNG.java:1057)
	at org.testng.remote.RemoteTestNG.run(RemoteTestNG.java:111)
	at org.testng.remote.RemoteTestNG.initAndRun(RemoteTestNG.java:204)
	at org.testng.remote.RemoteTestNG.main(RemoteTestNG.java:175)
</pre></div></td>
<td>0</td>
<td>[Summary passed=0 failed=0 skipped=0]</td></tr>
<tr>
<td title='com.twelvetwenty.suite.nace_reports.Summary.test_Summary()'><b>test_Summary</b><br>Test class: com.twelvetwenty.suite.nace_reports.Summary<br>Parameters: {Description=Validating mba standard report, Automation_Id=Auto_Data_NACE1_3, sDegreeLevel=Bachelor's, sDepartment=, MethodType=T1_TH1_TCN, Runmode=N, sSchoolName=Fordham_Centralized, sSub_Report_Name=Summary, DataFileName=Auto_Data_NACE1_3, iWait=2, sGraduationTerm=Full Academic Year, iGraduationYr=2014, sReportingMajor=2, sCollege=All}</td>
<td><div><pre>org.testng.SkipException: Data value run mode is set to N
	at com.twelvetwenty.util.ExcelTestUtil.checkSkiptests(ExcelTestUtil.java:203)
	at com.twelvetwenty.suite.nace_reports.Summary.test_Summary(Summary.java:37)
... Removed 24 stack frames</pre></div><a href='#' onClick='toggleBox("stack-trace28658787", this, "Click to show all stack frames", "Click to hide stack frames")'>Click to show all stack frames</a>
<div class='stack-trace' id='stack-trace28658787'><pre>org.testng.SkipException: Data value run mode is set to N
	at com.twelvetwenty.util.ExcelTestUtil.checkSkiptests(ExcelTestUtil.java:203)
	at com.twelvetwenty.suite.nace_reports.Summary.test_Summary(Summary.java:37)
	at sun.reflect.NativeMethodAccessorImpl.invoke0(Native Method)
	at sun.reflect.NativeMethodAccessorImpl.invoke(Unknown Source)
	at sun.reflect.DelegatingMethodAccessorImpl.invoke(Unknown Source)
	at java.lang.reflect.Method.invoke(Unknown Source)
	at org.testng.internal.MethodInvocationHelper.invokeMethod(MethodInvocationHelper.java:84)
	at org.testng.internal.Invoker.invokeMethod(Invoker.java:714)
	at org.testng.internal.Invoker.invokeTestMethod(Invoker.java:901)
	at org.testng.internal.Invoker.invokeTestMethods(Invoker.java:1231)
	at org.testng.internal.TestMethodWorker.invokeTestMethods(TestMethodWorker.java:127)
	at org.testng.internal.TestMethodWorker.run(TestMethodWorker.java:111)
	at org.testng.TestRunner.privateRun(TestRunner.java:767)
	at org.testng.TestRunner.run(TestRunner.java:617)
	at org.testng.SuiteRunner.runTest(SuiteRunner.java:334)
	at org.testng.SuiteRunner.runSequentially(SuiteRunner.java:329)
	at org.testng.SuiteRunner.privateRun(SuiteRunner.java:291)
	at org.testng.SuiteRunner.run(SuiteRunner.java:240)
	at org.testng.SuiteRunnerWorker.runSuite(SuiteRunnerWorker.java:52)
	at org.testng.SuiteRunnerWorker.run(SuiteRunnerWorker.java:86)
	at org.testng.TestNG.runSuitesSequentially(TestNG.java:1224)
	at org.testng.TestNG.runSuitesLocally(TestNG.java:1149)
	at org.testng.TestNG.run(TestNG.java:1057)
	at org.testng.remote.RemoteTestNG.run(RemoteTestNG.java:111)
	at org.testng.remote.RemoteTestNG.initAndRun(RemoteTestNG.java:204)
	at org.testng.remote.RemoteTestNG.main(RemoteTestNG.java:175)
</pre></div></td>
<td>1</td>
<td>[Summary passed=0 failed=0 skipped=0]</td></tr>
<tr>
<td title='com.twelvetwenty.suite.nace_reports.Summary.test_Summary()'><b>test_Summary</b><br>Test class: com.twelvetwenty.suite.nace_reports.Summary<br>Parameters: {Description=Validating mba standard report, Automation_Id=Auto_Data_NACE1_4, sDegreeLevel=Master's, sDepartment=, MethodType=T1_TH1_TCN, Runmode=N, sSchoolName=Fordham_Centralized, sSub_Report_Name=Summary, DataFileName=Auto_Data_NACE1_4, iWait=2, sGraduationTerm=Full Academic Year, iGraduationYr=2014, sReportingMajor=2, sCollege=All}</td>
<td><div><pre>org.testng.SkipException: Data value run mode is set to N
	at com.twelvetwenty.util.ExcelTestUtil.checkSkiptests(ExcelTestUtil.java:203)
	at com.twelvetwenty.suite.nace_reports.Summary.test_Summary(Summary.java:37)
... Removed 24 stack frames</pre></div><a href='#' onClick='toggleBox("stack-trace28402608", this, "Click to show all stack frames", "Click to hide stack frames")'>Click to show all stack frames</a>
<div class='stack-trace' id='stack-trace28402608'><pre>org.testng.SkipException: Data value run mode is set to N
	at com.twelvetwenty.util.ExcelTestUtil.checkSkiptests(ExcelTestUtil.java:203)
	at com.twelvetwenty.suite.nace_reports.Summary.test_Summary(Summary.java:37)
	at sun.reflect.NativeMethodAccessorImpl.invoke0(Native Method)
	at sun.reflect.NativeMethodAccessorImpl.invoke(Unknown Source)
	at sun.reflect.DelegatingMethodAccessorImpl.invoke(Unknown Source)
	at java.lang.reflect.Method.invoke(Unknown Source)
	at org.testng.internal.MethodInvocationHelper.invokeMethod(MethodInvocationHelper.java:84)
	at org.testng.internal.Invoker.invokeMethod(Invoker.java:714)
	at org.testng.internal.Invoker.invokeTestMethod(Invoker.java:901)
	at org.testng.internal.Invoker.invokeTestMethods(Invoker.java:1231)
	at org.testng.internal.TestMethodWorker.invokeTestMethods(TestMethodWorker.java:127)
	at org.testng.internal.TestMethodWorker.run(TestMethodWorker.java:111)
	at org.testng.TestRunner.privateRun(TestRunner.java:767)
	at org.testng.TestRunner.run(TestRunner.java:617)
	at org.testng.SuiteRunner.runTest(SuiteRunner.java:334)
	at org.testng.SuiteRunner.runSequentially(SuiteRunner.java:329)
	at org.testng.SuiteRunner.privateRun(SuiteRunner.java:291)
	at org.testng.SuiteRunner.run(SuiteRunner.java:240)
	at org.testng.SuiteRunnerWorker.runSuite(SuiteRunnerWorker.java:52)
	at org.testng.SuiteRunnerWorker.run(SuiteRunnerWorker.java:86)
	at org.testng.TestNG.runSuitesSequentially(TestNG.java:1224)
	at org.testng.TestNG.runSuitesLocally(TestNG.java:1149)
	at org.testng.TestNG.run(TestNG.java:1057)
	at org.testng.remote.RemoteTestNG.run(RemoteTestNG.java:111)
	at org.testng.remote.RemoteTestNG.initAndRun(RemoteTestNG.java:204)
	at org.testng.remote.RemoteTestNG.main(RemoteTestNG.java:175)
</pre></div></td>
<td>1</td>
<td>[Summary passed=0 failed=0 skipped=0]</td></tr>
<tr>
<td title='com.twelvetwenty.suite.nace_reports.Summary.test_Summary()'><b>test_Summary</b><br>Test class: com.twelvetwenty.suite.nace_reports.Summary<br>Parameters: {Description=Validating mba standard report, Automation_Id=Auto_Data_NACE1_5, sDegreeLevel=All, sDepartment=, MethodType=T1_TH1_TCN, Runmode=N, sSchoolName=Fordham_Centralized, sSub_Report_Name=Summary, DataFileName=Auto_Data_NACE1_5, iWait=2, sGraduationTerm=Full Academic Year, iGraduationYr=2014, sReportingMajor=1, sCollege=All}</td>
<td><div><pre>org.testng.SkipException: Data value run mode is set to N
	at com.twelvetwenty.util.ExcelTestUtil.checkSkiptests(ExcelTestUtil.java:203)
	at com.twelvetwenty.suite.nace_reports.Summary.test_Summary(Summary.java:37)
... Removed 24 stack frames</pre></div><a href='#' onClick='toggleBox("stack-trace7404862", this, "Click to show all stack frames", "Click to hide stack frames")'>Click to show all stack frames</a>
<div class='stack-trace' id='stack-trace7404862'><pre>org.testng.SkipException: Data value run mode is set to N
	at com.twelvetwenty.util.ExcelTestUtil.checkSkiptests(ExcelTestUtil.java:203)
	at com.twelvetwenty.suite.nace_reports.Summary.test_Summary(Summary.java:37)
	at sun.reflect.NativeMethodAccessorImpl.invoke0(Native Method)
	at sun.reflect.NativeMethodAccessorImpl.invoke(Unknown Source)
	at sun.reflect.DelegatingMethodAccessorImpl.invoke(Unknown Source)
	at java.lang.reflect.Method.invoke(Unknown Source)
	at org.testng.internal.MethodInvocationHelper.invokeMethod(MethodInvocationHelper.java:84)
	at org.testng.internal.Invoker.invokeMethod(Invoker.java:714)
	at org.testng.internal.Invoker.invokeTestMethod(Invoker.java:901)
	at org.testng.internal.Invoker.invokeTestMethods(Invoker.java:1231)
	at org.testng.internal.TestMethodWorker.invokeTestMethods(TestMethodWorker.java:127)
	at org.testng.internal.TestMethodWorker.run(TestMethodWorker.java:111)
	at org.testng.TestRunner.privateRun(TestRunner.java:767)
	at org.testng.TestRunner.run(TestRunner.java:617)
	at org.testng.SuiteRunner.runTest(SuiteRunner.java:334)
	at org.testng.SuiteRunner.runSequentially(SuiteRunner.java:329)
	at org.testng.SuiteRunner.privateRun(SuiteRunner.java:291)
	at org.testng.SuiteRunner.run(SuiteRunner.java:240)
	at org.testng.SuiteRunnerWorker.runSuite(SuiteRunnerWorker.java:52)
	at org.testng.SuiteRunnerWorker.run(SuiteRunnerWorker.java:86)
	at org.testng.TestNG.runSuitesSequentially(TestNG.java:1224)
	at org.testng.TestNG.runSuitesLocally(TestNG.java:1149)
	at org.testng.TestNG.run(TestNG.java:1057)
	at org.testng.remote.RemoteTestNG.run(RemoteTestNG.java:111)
	at org.testng.remote.RemoteTestNG.initAndRun(RemoteTestNG.java:204)
	at org.testng.remote.RemoteTestNG.main(RemoteTestNG.java:175)
</pre></div></td>
<td>1</td>
<td>[Summary passed=0 failed=0 skipped=0]</td></tr>
<tr>
<td title='com.twelvetwenty.suite.nace_reports.Summary.test_Summary()'><b>test_Summary</b><br>Test class: com.twelvetwenty.suite.nace_reports.Summary<br>Parameters: {Description=Validating mba standard report, Automation_Id=Auto_Data_NACE1_6, sDegreeLevel=All, sDepartment=, MethodType=T1_TH1_TCN, Runmode=N, sSchoolName=Fordham_Centralized, sSub_Report_Name=Summary, DataFileName=Auto_Data_NACE1_6, iWait=2, sGraduationTerm=Full Academic Year, iGraduationYr=2014, sReportingMajor=2, sCollege=FC AT ROSE HILL}</td>
<td><div><pre>org.testng.SkipException: Data value run mode is set to N
	at com.twelvetwenty.util.ExcelTestUtil.checkSkiptests(ExcelTestUtil.java:203)
	at com.twelvetwenty.suite.nace_reports.Summary.test_Summary(Summary.java:37)
... Removed 24 stack frames</pre></div><a href='#' onClick='toggleBox("stack-trace20626213", this, "Click to show all stack frames", "Click to hide stack frames")'>Click to show all stack frames</a>
<div class='stack-trace' id='stack-trace20626213'><pre>org.testng.SkipException: Data value run mode is set to N
	at com.twelvetwenty.util.ExcelTestUtil.checkSkiptests(ExcelTestUtil.java:203)
	at com.twelvetwenty.suite.nace_reports.Summary.test_Summary(Summary.java:37)
	at sun.reflect.NativeMethodAccessorImpl.invoke0(Native Method)
	at sun.reflect.NativeMethodAccessorImpl.invoke(Unknown Source)
	at sun.reflect.DelegatingMethodAccessorImpl.invoke(Unknown Source)
	at java.lang.reflect.Method.invoke(Unknown Source)
	at org.testng.internal.MethodInvocationHelper.invokeMethod(MethodInvocationHelper.java:84)
	at org.testng.internal.Invoker.invokeMethod(Invoker.java:714)
	at org.testng.internal.Invoker.invokeTestMethod(Invoker.java:901)
	at org.testng.internal.Invoker.invokeTestMethods(Invoker.java:1231)
	at org.testng.internal.TestMethodWorker.invokeTestMethods(TestMethodWorker.java:127)
	at org.testng.internal.TestMethodWorker.run(TestMethodWorker.java:111)
	at org.testng.TestRunner.privateRun(TestRunner.java:767)
	at org.testng.TestRunner.run(TestRunner.java:617)
	at org.testng.SuiteRunner.runTest(SuiteRunner.java:334)
	at org.testng.SuiteRunner.runSequentially(SuiteRunner.java:329)
	at org.testng.SuiteRunner.privateRun(SuiteRunner.java:291)
	at org.testng.SuiteRunner.run(SuiteRunner.java:240)
	at org.testng.SuiteRunnerWorker.runSuite(SuiteRunnerWorker.java:52)
	at org.testng.SuiteRunnerWorker.run(SuiteRunnerWorker.java:86)
	at org.testng.TestNG.runSuitesSequentially(TestNG.java:1224)
	at org.testng.TestNG.runSuitesLocally(TestNG.java:1149)
	at org.testng.TestNG.run(TestNG.java:1057)
	at org.testng.remote.RemoteTestNG.run(RemoteTestNG.java:111)
	at org.testng.remote.RemoteTestNG.initAndRun(RemoteTestNG.java:204)
	at org.testng.remote.RemoteTestNG.main(RemoteTestNG.java:175)
</pre></div></td>
<td>1</td>
<td>[Summary passed=0 failed=0 skipped=0]</td></tr>
<tr>
<td title='com.twelvetwenty.suite.nace_reports.Summary.test_Summary()'><b>test_Summary</b><br>Test class: com.twelvetwenty.suite.nace_reports.Summary<br>Parameters: {Description=Validating mba standard report, Automation_Id=Auto_Data_NACE1_7, sDegreeLevel=All, sDepartment=, MethodType=T1_TH1_TCN, Runmode=N, sSchoolName=Fordham_Centralized, sSub_Report_Name=Summary, DataFileName=Auto_Data_NACE1_7, iWait=2, sGraduationTerm=Spring 2014, iGraduationYr=2014, sReportingMajor=2, sCollege=All}</td>
<td><div><pre>org.testng.SkipException: Data value run mode is set to N
	at com.twelvetwenty.util.ExcelTestUtil.checkSkiptests(ExcelTestUtil.java:203)
	at com.twelvetwenty.suite.nace_reports.Summary.test_Summary(Summary.java:37)
... Removed 24 stack frames</pre></div><a href='#' onClick='toggleBox("stack-trace32412939", this, "Click to show all stack frames", "Click to hide stack frames")'>Click to show all stack frames</a>
<div class='stack-trace' id='stack-trace32412939'><pre>org.testng.SkipException: Data value run mode is set to N
	at com.twelvetwenty.util.ExcelTestUtil.checkSkiptests(ExcelTestUtil.java:203)
	at com.twelvetwenty.suite.nace_reports.Summary.test_Summary(Summary.java:37)
	at sun.reflect.NativeMethodAccessorImpl.invoke0(Native Method)
	at sun.reflect.NativeMethodAccessorImpl.invoke(Unknown Source)
	at sun.reflect.DelegatingMethodAccessorImpl.invoke(Unknown Source)
	at java.lang.reflect.Method.invoke(Unknown Source)
	at org.testng.internal.MethodInvocationHelper.invokeMethod(MethodInvocationHelper.java:84)
	at org.testng.internal.Invoker.invokeMethod(Invoker.java:714)
	at org.testng.internal.Invoker.invokeTestMethod(Invoker.java:901)
	at org.testng.internal.Invoker.invokeTestMethods(Invoker.java:1231)
	at org.testng.internal.TestMethodWorker.invokeTestMethods(TestMethodWorker.java:127)
	at org.testng.internal.TestMethodWorker.run(TestMethodWorker.java:111)
	at org.testng.TestRunner.privateRun(TestRunner.java:767)
	at org.testng.TestRunner.run(TestRunner.java:617)
	at org.testng.SuiteRunner.runTest(SuiteRunner.java:334)
	at org.testng.SuiteRunner.runSequentially(SuiteRunner.java:329)
	at org.testng.SuiteRunner.privateRun(SuiteRunner.java:291)
	at org.testng.SuiteRunner.run(SuiteRunner.java:240)
	at org.testng.SuiteRunnerWorker.runSuite(SuiteRunnerWorker.java:52)
	at org.testng.SuiteRunnerWorker.run(SuiteRunnerWorker.java:86)
	at org.testng.TestNG.runSuitesSequentially(TestNG.java:1224)
	at org.testng.TestNG.runSuitesLocally(TestNG.java:1149)
	at org.testng.TestNG.run(TestNG.java:1057)
	at org.testng.remote.RemoteTestNG.run(RemoteTestNG.java:111)
	at org.testng.remote.RemoteTestNG.initAndRun(RemoteTestNG.java:204)
	at org.testng.remote.RemoteTestNG.main(RemoteTestNG.java:175)
</pre></div></td>
<td>1</td>
<td>[Summary passed=0 failed=0 skipped=0]</td></tr>
<tr>
<td title='com.twelvetwenty.suite.nace_reports.Summary.test_Summary()'><b>test_Summary</b><br>Test class: com.twelvetwenty.suite.nace_reports.Summary<br>Parameters: {Description=Validating mba standard report, Automation_Id=Auto_Data_NACE1_8, sDegreeLevel=All, sDepartment=, MethodType=T1_TH1_TCN, Runmode=N, sSchoolName=Fordham_Centralized, sSub_Report_Name=Summary, DataFileName=Auto_Data_NACE1_8, iWait=2, sGraduationTerm=Full Academic Year, iGraduationYr=2013, sReportingMajor=2, sCollege=All}</td>
<td><div><pre>org.testng.SkipException: Data value run mode is set to N
	at com.twelvetwenty.util.ExcelTestUtil.checkSkiptests(ExcelTestUtil.java:203)
	at com.twelvetwenty.suite.nace_reports.Summary.test_Summary(Summary.java:37)
... Removed 24 stack frames</pre></div><a href='#' onClick='toggleBox("stack-trace20530192", this, "Click to show all stack frames", "Click to hide stack frames")'>Click to show all stack frames</a>
<div class='stack-trace' id='stack-trace20530192'><pre>org.testng.SkipException: Data value run mode is set to N
	at com.twelvetwenty.util.ExcelTestUtil.checkSkiptests(ExcelTestUtil.java:203)
	at com.twelvetwenty.suite.nace_reports.Summary.test_Summary(Summary.java:37)
	at sun.reflect.NativeMethodAccessorImpl.invoke0(Native Method)
	at sun.reflect.NativeMethodAccessorImpl.invoke(Unknown Source)
	at sun.reflect.DelegatingMethodAccessorImpl.invoke(Unknown Source)
	at java.lang.reflect.Method.invoke(Unknown Source)
	at org.testng.internal.MethodInvocationHelper.invokeMethod(MethodInvocationHelper.java:84)
	at org.testng.internal.Invoker.invokeMethod(Invoker.java:714)
	at org.testng.internal.Invoker.invokeTestMethod(Invoker.java:901)
	at org.testng.internal.Invoker.invokeTestMethods(Invoker.java:1231)
	at org.testng.internal.TestMethodWorker.invokeTestMethods(TestMethodWorker.java:127)
	at org.testng.internal.TestMethodWorker.run(TestMethodWorker.java:111)
	at org.testng.TestRunner.privateRun(TestRunner.java:767)
	at org.testng.TestRunner.run(TestRunner.java:617)
	at org.testng.SuiteRunner.runTest(SuiteRunner.java:334)
	at org.testng.SuiteRunner.runSequentially(SuiteRunner.java:329)
	at org.testng.SuiteRunner.privateRun(SuiteRunner.java:291)
	at org.testng.SuiteRunner.run(SuiteRunner.java:240)
	at org.testng.SuiteRunnerWorker.runSuite(SuiteRunnerWorker.java:52)
	at org.testng.SuiteRunnerWorker.run(SuiteRunnerWorker.java:86)
	at org.testng.TestNG.runSuitesSequentially(TestNG.java:1224)
	at org.testng.TestNG.runSuitesLocally(TestNG.java:1149)
	at org.testng.TestNG.run(TestNG.java:1057)
	at org.testng.remote.RemoteTestNG.run(RemoteTestNG.java:111)
	at org.testng.remote.RemoteTestNG.initAndRun(RemoteTestNG.java:204)
	at org.testng.remote.RemoteTestNG.main(RemoteTestNG.java:175)
</pre></div></td>
<td>1</td>
<td>[Summary passed=0 failed=0 skipped=0]</td></tr>
</table><p>
</body>
</html>