<?xml version="1.0" encoding="UTF-8"?>
<testng-results skipped="4" failed="0" total="5" passed="1">
  <reporter-output>
    <line>
      <![CDATA[STEP1]]>
    </line>
    <line>
      <![CDATA[STEP2]]>
    </line>
    <line>
      <![CDATA[STEP3]]>
    </line>
    <line>
      <![CDATA[STEP4]]>
    </line>
    <line>
      <![CDATA[STEP5]]>
    </line>
    <line>
      <![CDATA[STEP6]]>
    </line>
    <line>
      <![CDATA[STEP7]]>
    </line>
    <line>
      <![CDATA[STEP8]]>
    </line>
    <line>
      <![CDATA[STEP9]]>
    </line>
    <line>
      <![CDATA[STEP10]]>
    </line>
    <line>
      <![CDATA[STEP11]]>
    </line>
    <line>
      <![CDATA[STEP12]]>
    </line>
    <line>
      <![CDATA[STEP13]]>
    </line>
    <line>
      <![CDATA[STEP14]]>
    </line>
  </reporter-output>
  <suite name="Default suite" duration-ms="49803" started-at="2015-07-16T14:53:22Z" finished-at="2015-07-16T14:54:12Z">
    <groups>
    </groups>
    <test name="Default test" duration-ms="49803" started-at="2015-07-16T14:53:22Z" finished-at="2015-07-16T14:54:12Z">
      <class name="com.twelvetwenty.suite.aba_reports.Employment_Location">
        <test-method status="PASS" signature="beforeSuite()[pri:0, instance:com.twelvetwenty.suite.aba_reports.Employment_Location@7f674d]" name="beforeSuite" is-config="true" duration-ms="392" started-at="2015-07-16T20:23:22Z" finished-at="2015-07-16T20:23:22Z">
          <reporter-output>
          </reporter-output>
        </test-method> <!-- beforeSuite -->
        <test-method status="PASS" signature="beforeTest()[pri:0, instance:com.twelvetwenty.suite.aba_reports.Employment_Location@7f674d]" name="beforeTest" is-config="true" duration-ms="2" started-at="2015-07-16T20:23:22Z" finished-at="2015-07-16T20:23:22Z">
          <reporter-output>
          </reporter-output>
        </test-method> <!-- beforeTest -->
        <test-method status="PASS" signature="beforeClass()[pri:0, instance:com.twelvetwenty.suite.aba_reports.Employment_Location@7f674d]" name="beforeClass" is-config="true" duration-ms="655" started-at="2015-07-16T20:23:22Z" finished-at="2015-07-16T20:23:23Z">
          <reporter-output>
          </reporter-output>
        </test-method> <!-- beforeClass -->
        <test-method status="PASS" signature="beforeMethod()[pri:0, instance:com.twelvetwenty.suite.aba_reports.Employment_Location@7f674d]" name="beforeMethod" is-config="true" duration-ms="265" started-at="2015-07-16T20:23:23Z" finished-at="2015-07-16T20:23:23Z">
          <reporter-output>
          </reporter-output>
        </test-method> <!-- beforeMethod -->
        <test-method status="PASS" signature="test_Employment_Location(java.util.Hashtable)[pri:0, instance:com.twelvetwenty.suite.aba_reports.Employment_Location@7f674d]" name="test_Employment_Location" duration-ms="45792" started-at="2015-07-16T20:23:23Z" data-provider="ExcelData" finished-at="2015-07-16T20:24:09Z">
          <params>
            <param index="0">
              <value>
                <![CDATA[{Description=Validating ABA standard report, Automation_Id=Auto_Data_ABA4_1, sOffer_Timing=By graduation, MethodType=T1_TH1_TCN, Runmode=Y, sSchoolName=Texas_Law, sSub_Report_Name=Employment Location, sCutoff_Date=With, DataFileName=Auto_Data_ABA4_1, iWait=2, sGraduationTerm=Full Academic Year, iGraduationYr=2013}]]>
              </value>
            </param>
          </params>
          <reporter-output>
            <line>
              <![CDATA[STEP1]]>
            </line>
            <line>
              <![CDATA[STEP2]]>
            </line>
            <line>
              <![CDATA[STEP3]]>
            </line>
            <line>
              <![CDATA[STEP4]]>
            </line>
            <line>
              <![CDATA[STEP5]]>
            </line>
            <line>
              <![CDATA[STEP6]]>
            </line>
            <line>
              <![CDATA[STEP7]]>
            </line>
            <line>
              <![CDATA[STEP8]]>
            </line>
            <line>
              <![CDATA[STEP9]]>
            </line>
            <line>
              <![CDATA[STEP10]]>
            </line>
            <line>
              <![CDATA[STEP11]]>
            </line>
            <line>
              <![CDATA[STEP12]]>
            </line>
            <line>
              <![CDATA[STEP13]]>
            </line>
            <line>
              <![CDATA[STEP14]]>
            </line>
          </reporter-output>
        </test-method> <!-- test_Employment_Location -->
        <test-method status="PASS" signature="afterMethod()[pri:0, instance:com.twelvetwenty.suite.aba_reports.Employment_Location@7f674d]" name="afterMethod" is-config="true" duration-ms="18" started-at="2015-07-16T20:24:09Z" finished-at="2015-07-16T20:24:09Z">
          <reporter-output>
          </reporter-output>
        </test-method> <!-- afterMethod -->
        <test-method status="PASS" signature="beforeMethod()[pri:0, instance:com.twelvetwenty.suite.aba_reports.Employment_Location@7f674d]" name="beforeMethod" is-config="true" duration-ms="195" started-at="2015-07-16T20:24:09Z" finished-at="2015-07-16T20:24:09Z">
          <reporter-output>
          </reporter-output>
        </test-method> <!-- beforeMethod -->
        <test-method status="SKIP" signature="test_Employment_Location(java.util.Hashtable)[pri:0, instance:com.twelvetwenty.suite.aba_reports.Employment_Location@7f674d]" name="test_Employment_Location" duration-ms="58" started-at="2015-07-16T20:24:09Z" data-provider="ExcelData" finished-at="2015-07-16T20:24:09Z">
          <params>
            <param index="0">
              <value>
                <![CDATA[{Description=Validating ABA standard report, Automation_Id=Auto_Data_ABA4_2, sOffer_Timing=By 9 months after graduation, MethodType=T1_TH1_TCN, Runmode=N, sSchoolName=Texas_Law, sSub_Report_Name=Employment Location, sCutoff_Date=With , DataFileName=Auto_Data_ABA4_2, iWait=2, sGraduationTerm=Full Academic Year, iGraduationYr=2013}]]>
              </value>
            </param>
          </params>
          <exception class="org.testng.SkipException">
            <message>
              <![CDATA[Data value run mode is set to N]]>
            </message>
            <full-stacktrace>
              <![CDATA[org.testng.SkipException: Data value run mode is set to N
	at com.twelvetwenty.util.ExcelTestUtil.checkSkiptests(ExcelTestUtil.java:204)
	at com.twelvetwenty.suite.aba_reports.Employment_Location.test_Employment_Location(Employment_Location.java:38)
	at sun.reflect.NativeMethodAccessorImpl.invoke0(Native Method)
	at sun.reflect.NativeMethodAccessorImpl.invoke(Unknown Source)
	at sun.reflect.DelegatingMethodAccessorImpl.invoke(Unknown Source)
	at java.lang.reflect.Method.invoke(Unknown Source)
	at org.testng.internal.MethodInvocationHelper.invokeMethod(MethodInvocationHelper.java:84)
	at org.testng.internal.Invoker.invokeMethod(Invoker.java:714)
	at org.testng.internal.Invoker.invokeTestMethod(Invoker.java:901)
	at org.testng.internal.Invoker.invokeTestMethods(Invoker.java:1231)
	at org.testng.internal.TestMethodWorker.invokeTestMethods(TestMethodWorker.java:127)
	at org.testng.internal.TestMethodWorker.run(TestMethodWorker.java:111)
	at org.testng.TestRunner.privateRun(TestRunner.java:767)
	at org.testng.TestRunner.run(TestRunner.java:617)
	at org.testng.SuiteRunner.runTest(SuiteRunner.java:334)
	at org.testng.SuiteRunner.runSequentially(SuiteRunner.java:329)
	at org.testng.SuiteRunner.privateRun(SuiteRunner.java:291)
	at org.testng.SuiteRunner.run(SuiteRunner.java:240)
	at org.testng.SuiteRunnerWorker.runSuite(SuiteRunnerWorker.java:52)
	at org.testng.SuiteRunnerWorker.run(SuiteRunnerWorker.java:86)
	at org.testng.TestNG.runSuitesSequentially(TestNG.java:1224)
	at org.testng.TestNG.runSuitesLocally(TestNG.java:1149)
	at org.testng.TestNG.run(TestNG.java:1057)
	at org.testng.remote.RemoteTestNG.run(RemoteTestNG.java:111)
	at org.testng.remote.RemoteTestNG.initAndRun(RemoteTestNG.java:204)
	at org.testng.remote.RemoteTestNG.main(RemoteTestNG.java:175)
]]>
            </full-stacktrace>
          </exception> <!-- org.testng.SkipException -->
          <reporter-output>
          </reporter-output>
        </test-method> <!-- test_Employment_Location -->
        <test-method status="PASS" signature="afterMethod()[pri:0, instance:com.twelvetwenty.suite.aba_reports.Employment_Location@7f674d]" name="afterMethod" is-config="true" duration-ms="9" started-at="2015-07-16T20:24:09Z" finished-at="2015-07-16T20:24:09Z">
          <reporter-output>
          </reporter-output>
        </test-method> <!-- afterMethod -->
        <test-method status="PASS" signature="beforeMethod()[pri:0, instance:com.twelvetwenty.suite.aba_reports.Employment_Location@7f674d]" name="beforeMethod" is-config="true" duration-ms="165" started-at="2015-07-16T20:24:09Z" finished-at="2015-07-16T20:24:09Z">
          <reporter-output>
          </reporter-output>
        </test-method> <!-- beforeMethod -->
        <test-method status="SKIP" signature="test_Employment_Location(java.util.Hashtable)[pri:0, instance:com.twelvetwenty.suite.aba_reports.Employment_Location@7f674d]" name="test_Employment_Location" duration-ms="45" started-at="2015-07-16T20:24:09Z" data-provider="ExcelData" finished-at="2015-07-16T20:24:09Z">
          <params>
            <param index="0">
              <value>
                <![CDATA[{Description=Validating ABA standard report, Automation_Id=Auto_Data_ABA4_3, sOffer_Timing=By graduation, MethodType=T1_TH1_TCN, Runmode=N, sSchoolName=Texas_Law, sSub_Report_Name=Employment Location, sCutoff_Date=With , DataFileName=Auto_Data_ABA4_3, iWait=2, sGraduationTerm=Full Academic Year, iGraduationYr=2012}]]>
              </value>
            </param>
          </params>
          <exception class="org.testng.SkipException">
            <message>
              <![CDATA[Data value run mode is set to N]]>
            </message>
            <full-stacktrace>
              <![CDATA[org.testng.SkipException: Data value run mode is set to N
	at com.twelvetwenty.util.ExcelTestUtil.checkSkiptests(ExcelTestUtil.java:204)
	at com.twelvetwenty.suite.aba_reports.Employment_Location.test_Employment_Location(Employment_Location.java:38)
	at sun.reflect.NativeMethodAccessorImpl.invoke0(Native Method)
	at sun.reflect.NativeMethodAccessorImpl.invoke(Unknown Source)
	at sun.reflect.DelegatingMethodAccessorImpl.invoke(Unknown Source)
	at java.lang.reflect.Method.invoke(Unknown Source)
	at org.testng.internal.MethodInvocationHelper.invokeMethod(MethodInvocationHelper.java:84)
	at org.testng.internal.Invoker.invokeMethod(Invoker.java:714)
	at org.testng.internal.Invoker.invokeTestMethod(Invoker.java:901)
	at org.testng.internal.Invoker.invokeTestMethods(Invoker.java:1231)
	at org.testng.internal.TestMethodWorker.invokeTestMethods(TestMethodWorker.java:127)
	at org.testng.internal.TestMethodWorker.run(TestMethodWorker.java:111)
	at org.testng.TestRunner.privateRun(TestRunner.java:767)
	at org.testng.TestRunner.run(TestRunner.java:617)
	at org.testng.SuiteRunner.runTest(SuiteRunner.java:334)
	at org.testng.SuiteRunner.runSequentially(SuiteRunner.java:329)
	at org.testng.SuiteRunner.privateRun(SuiteRunner.java:291)
	at org.testng.SuiteRunner.run(SuiteRunner.java:240)
	at org.testng.SuiteRunnerWorker.runSuite(SuiteRunnerWorker.java:52)
	at org.testng.SuiteRunnerWorker.run(SuiteRunnerWorker.java:86)
	at org.testng.TestNG.runSuitesSequentially(TestNG.java:1224)
	at org.testng.TestNG.runSuitesLocally(TestNG.java:1149)
	at org.testng.TestNG.run(TestNG.java:1057)
	at org.testng.remote.RemoteTestNG.run(RemoteTestNG.java:111)
	at org.testng.remote.RemoteTestNG.initAndRun(RemoteTestNG.java:204)
	at org.testng.remote.RemoteTestNG.main(RemoteTestNG.java:175)
]]>
            </full-stacktrace>
          </exception> <!-- org.testng.SkipException -->
          <reporter-output>
          </reporter-output>
        </test-method> <!-- test_Employment_Location -->
        <test-method status="PASS" signature="afterMethod()[pri:0, instance:com.twelvetwenty.suite.aba_reports.Employment_Location@7f674d]" name="afterMethod" is-config="true" duration-ms="28" started-at="2015-07-16T20:24:09Z" finished-at="2015-07-16T20:24:09Z">
          <reporter-output>
          </reporter-output>
        </test-method> <!-- afterMethod -->
        <test-method status="PASS" signature="beforeMethod()[pri:0, instance:com.twelvetwenty.suite.aba_reports.Employment_Location@7f674d]" name="beforeMethod" is-config="true" duration-ms="222" started-at="2015-07-16T20:24:09Z" finished-at="2015-07-16T20:24:09Z">
          <reporter-output>
          </reporter-output>
        </test-method> <!-- beforeMethod -->
        <test-method status="SKIP" signature="test_Employment_Location(java.util.Hashtable)[pri:0, instance:com.twelvetwenty.suite.aba_reports.Employment_Location@7f674d]" name="test_Employment_Location" duration-ms="1048" started-at="2015-07-16T20:24:09Z" data-provider="ExcelData" finished-at="2015-07-16T20:24:11Z">
          <params>
            <param index="0">
              <value>
                <![CDATA[{Description=Validating ABA standard report, Automation_Id=Auto_Data_ABA4_4, sOffer_Timing=By graduation, MethodType=T1_TH1_TCN, Runmode=N, sSchoolName=Texas_Law, sSub_Report_Name=Employment Location, sCutoff_Date=With , DataFileName=Auto_Data_ABA4_4, iWait=2, sGraduationTerm=Spring 2013, iGraduationYr=2013}]]>
              </value>
            </param>
          </params>
          <exception class="org.testng.SkipException">
            <message>
              <![CDATA[Data value run mode is set to N]]>
            </message>
            <full-stacktrace>
              <![CDATA[org.testng.SkipException: Data value run mode is set to N
	at com.twelvetwenty.util.ExcelTestUtil.checkSkiptests(ExcelTestUtil.java:204)
	at com.twelvetwenty.suite.aba_reports.Employment_Location.test_Employment_Location(Employment_Location.java:38)
	at sun.reflect.NativeMethodAccessorImpl.invoke0(Native Method)
	at sun.reflect.NativeMethodAccessorImpl.invoke(Unknown Source)
	at sun.reflect.DelegatingMethodAccessorImpl.invoke(Unknown Source)
	at java.lang.reflect.Method.invoke(Unknown Source)
	at org.testng.internal.MethodInvocationHelper.invokeMethod(MethodInvocationHelper.java:84)
	at org.testng.internal.Invoker.invokeMethod(Invoker.java:714)
	at org.testng.internal.Invoker.invokeTestMethod(Invoker.java:901)
	at org.testng.internal.Invoker.invokeTestMethods(Invoker.java:1231)
	at org.testng.internal.TestMethodWorker.invokeTestMethods(TestMethodWorker.java:127)
	at org.testng.internal.TestMethodWorker.run(TestMethodWorker.java:111)
	at org.testng.TestRunner.privateRun(TestRunner.java:767)
	at org.testng.TestRunner.run(TestRunner.java:617)
	at org.testng.SuiteRunner.runTest(SuiteRunner.java:334)
	at org.testng.SuiteRunner.runSequentially(SuiteRunner.java:329)
	at org.testng.SuiteRunner.privateRun(SuiteRunner.java:291)
	at org.testng.SuiteRunner.run(SuiteRunner.java:240)
	at org.testng.SuiteRunnerWorker.runSuite(SuiteRunnerWorker.java:52)
	at org.testng.SuiteRunnerWorker.run(SuiteRunnerWorker.java:86)
	at org.testng.TestNG.runSuitesSequentially(TestNG.java:1224)
	at org.testng.TestNG.runSuitesLocally(TestNG.java:1149)
	at org.testng.TestNG.run(TestNG.java:1057)
	at org.testng.remote.RemoteTestNG.run(RemoteTestNG.java:111)
	at org.testng.remote.RemoteTestNG.initAndRun(RemoteTestNG.java:204)
	at org.testng.remote.RemoteTestNG.main(RemoteTestNG.java:175)
]]>
            </full-stacktrace>
          </exception> <!-- org.testng.SkipException -->
          <reporter-output>
          </reporter-output>
        </test-method> <!-- test_Employment_Location -->
        <test-method status="PASS" signature="afterMethod()[pri:0, instance:com.twelvetwenty.suite.aba_reports.Employment_Location@7f674d]" name="afterMethod" is-config="true" duration-ms="17" started-at="2015-07-16T20:24:11Z" finished-at="2015-07-16T20:24:11Z">
          <reporter-output>
          </reporter-output>
        </test-method> <!-- afterMethod -->
        <test-method status="PASS" signature="beforeMethod()[pri:0, instance:com.twelvetwenty.suite.aba_reports.Employment_Location@7f674d]" name="beforeMethod" is-config="true" duration-ms="171" started-at="2015-07-16T20:24:11Z" finished-at="2015-07-16T20:24:11Z">
          <reporter-output>
          </reporter-output>
        </test-method> <!-- beforeMethod -->
        <test-method status="SKIP" signature="test_Employment_Location(java.util.Hashtable)[pri:0, instance:com.twelvetwenty.suite.aba_reports.Employment_Location@7f674d]" name="test_Employment_Location" duration-ms="1035" started-at="2015-07-16T20:24:11Z" data-provider="ExcelData" finished-at="2015-07-16T20:24:12Z">
          <params>
            <param index="0">
              <value>
                <![CDATA[{Description=Validating ABA standard report, Automation_Id=Auto_Data_ABA4_5, sOffer_Timing=By graduation, MethodType=T1_TH1_TCN, Runmode=N, sSchoolName=Texas_Law, sSub_Report_Name=Employment Location, sCutoff_Date=Without, DataFileName=Auto_Data_ABA4_5, iWait=2, sGraduationTerm=Full Academic Year, iGraduationYr=2013}]]>
              </value>
            </param>
          </params>
          <exception class="org.testng.SkipException">
            <message>
              <![CDATA[Data value run mode is set to N]]>
            </message>
            <full-stacktrace>
              <![CDATA[org.testng.SkipException: Data value run mode is set to N
	at com.twelvetwenty.util.ExcelTestUtil.checkSkiptests(ExcelTestUtil.java:204)
	at com.twelvetwenty.suite.aba_reports.Employment_Location.test_Employment_Location(Employment_Location.java:38)
	at sun.reflect.NativeMethodAccessorImpl.invoke0(Native Method)
	at sun.reflect.NativeMethodAccessorImpl.invoke(Unknown Source)
	at sun.reflect.DelegatingMethodAccessorImpl.invoke(Unknown Source)
	at java.lang.reflect.Method.invoke(Unknown Source)
	at org.testng.internal.MethodInvocationHelper.invokeMethod(MethodInvocationHelper.java:84)
	at org.testng.internal.Invoker.invokeMethod(Invoker.java:714)
	at org.testng.internal.Invoker.invokeTestMethod(Invoker.java:901)
	at org.testng.internal.Invoker.invokeTestMethods(Invoker.java:1231)
	at org.testng.internal.TestMethodWorker.invokeTestMethods(TestMethodWorker.java:127)
	at org.testng.internal.TestMethodWorker.run(TestMethodWorker.java:111)
	at org.testng.TestRunner.privateRun(TestRunner.java:767)
	at org.testng.TestRunner.run(TestRunner.java:617)
	at org.testng.SuiteRunner.runTest(SuiteRunner.java:334)
	at org.testng.SuiteRunner.runSequentially(SuiteRunner.java:329)
	at org.testng.SuiteRunner.privateRun(SuiteRunner.java:291)
	at org.testng.SuiteRunner.run(SuiteRunner.java:240)
	at org.testng.SuiteRunnerWorker.runSuite(SuiteRunnerWorker.java:52)
	at org.testng.SuiteRunnerWorker.run(SuiteRunnerWorker.java:86)
	at org.testng.TestNG.runSuitesSequentially(TestNG.java:1224)
	at org.testng.TestNG.runSuitesLocally(TestNG.java:1149)
	at org.testng.TestNG.run(TestNG.java:1057)
	at org.testng.remote.RemoteTestNG.run(RemoteTestNG.java:111)
	at org.testng.remote.RemoteTestNG.initAndRun(RemoteTestNG.java:204)
	at org.testng.remote.RemoteTestNG.main(RemoteTestNG.java:175)
]]>
            </full-stacktrace>
          </exception> <!-- org.testng.SkipException -->
          <reporter-output>
          </reporter-output>
        </test-method> <!-- test_Employment_Location -->
        <test-method status="PASS" signature="afterMethod()[pri:0, instance:com.twelvetwenty.suite.aba_reports.Employment_Location@7f674d]" name="afterMethod" is-config="true" duration-ms="10" started-at="2015-07-16T20:24:12Z" finished-at="2015-07-16T20:24:12Z">
          <reporter-output>
          </reporter-output>
        </test-method> <!-- afterMethod -->
        <test-method status="PASS" signature="afterTest()[pri:0, instance:com.twelvetwenty.suite.aba_reports.Employment_Location@7f674d]" name="afterTest" is-config="true" duration-ms="1" started-at="2015-07-16T20:24:12Z" finished-at="2015-07-16T20:24:12Z">
          <reporter-output>
          </reporter-output>
        </test-method> <!-- afterTest -->
        <test-method status="PASS" signature="suiteEnd()[pri:0, instance:com.twelvetwenty.suite.aba_reports.Employment_Location@7f674d]" name="suiteEnd" is-config="true" duration-ms="68" started-at="2015-07-16T20:24:12Z" finished-at="2015-07-16T20:24:12Z">
          <reporter-output>
          </reporter-output>
        </test-method> <!-- suiteEnd -->
      </class> <!-- com.twelvetwenty.suite.aba_reports.Employment_Location -->
    </test> <!-- Default test -->
  </suite> <!-- Default suite -->
</testng-results>
